# JRE version: OpenJDK Runtime Environment Zulu19.32+15-CA (19.0.2+7) (build 19.0.2+7)
# Java VM: OpenJDK 64-Bit Server VM Zulu19.32+15-CA (19.0.2+7, mixed mode, sharing, tiered, compressed oops, compressed class ptrs, g1 gc, windows-amd64)
GC Precious Log:
 CardTable entry size: 512
 Card Set container configuration: InlinePtr #cards 4 size 8 Array Of Cards #cards 16 size 48 Howl #buckets 8 coarsen threshold 3686 Howl Bitmap #cards 512 size 80 coarsen threshold 460 Card regions per heap region 1 cards per card region 4096
 CPUs: 12 total, 12 available
 Memory: 16291M
 Large Page Support: Disabled
 NUMA Support: Disabled
 Compressed Oops: Enabled (Zero based)
 Heap Region Size: 2M
 Heap Min Capacity: 8M
 Heap Initial Capacity: 256M
 Heap Max Capacity: 4074M
 Pre-touch: Disabled
 Parallel Workers: 10
 Concurrent Workers: 3
 Concurrent Refinement Workers: 10
 Periodic GC: Disabled
Heap:
 garbage-first heap   total 913408K, used 8192K [0x0000000701600000, 0x0000000800000000)
  region size 2048K, 3 young (6144K), 3 survivors (6144K)
 Metaspace       used 13775K, committed 14016K, reserved 1114112K
  class space    used 1938K, committed 2048K, reserved 1048576K
GC Heap History (20 events):
Event: 0.415 GC heap after
{Heap after GC invocations=5 (full 0):
 garbage-first heap   total 262144K, used 3710K [0x0000000701600000, 0x0000000800000000)
  region size 2048K, 2 young (4096K), 2 survivors (4096K)
 Metaspace       used 6579K, committed 6784K, reserved 1114112K
  class space    used 878K, committed 960K, reserved 1048576K
}
Event: 0.431 GC heap before
{Heap before GC invocations=5 (full 0):
 garbage-first heap   total 262144K, used 155262K [0x0000000701600000, 0x0000000800000000)
  region size 2048K, 76 young (155648K), 2 survivors (4096K)
 Metaspace       used 6668K, committed 6848K, reserved 1114112K
  class space    used 888K, committed 960K, reserved 1048576K
}
Event: 0.434 GC heap after
{Heap after GC invocations=6 (full 0):
 garbage-first heap   total 524288K, used 3829K [0x0000000701600000, 0x0000000800000000)
  region size 2048K, 2 young (4096K), 2 survivors (4096K)
 Metaspace       used 6668K, committed 6848K, reserved 1114112K
  class space    used 888K, committed 960K, reserved 1048576K
}
Event: 0.521 GC heap before
{Heap before GC invocations=6 (full 0):
 garbage-first heap   total 524288K, used 313077K [0x0000000701600000, 0x0000000800000000)
  region size 2048K, 153 young (313344K), 2 survivors (4096K)
 Metaspace       used 9503K, committed 9792K, reserved 1114112K
  class space    used 1302K, committed 1472K, reserved 1048576K
}
Event: 0.524 GC heap after
{Heap after GC invocations=7 (full 0):
 garbage-first heap   total 524288K, used 4859K [0x0000000701600000, 0x0000000800000000)
  region size 2048K, 3 young (6144K), 3 survivors (6144K)
 Metaspace       used 9503K, committed 9792K, reserved 1114112K
  class space    used 1302K, committed 1472K, reserved 1048576K
}
Event: 0.553 GC heap before
{Heap before GC invocations=7 (full 0):
 garbage-first heap   total 524288K, used 312059K [0x0000000701600000, 0x0000000800000000)
  region size 2048K, 153 young (313344K), 3 survivors (6144K)
 Metaspace       used 10163K, committed 10432K, reserved 1114112K
  class space    used 1390K, committed 1536K, reserved 1048576K
}
Event: 0.555 GC heap after
{Heap after GC invocations=8 (full 0):
 garbage-first heap   total 524288K, used 4640K [0x0000000701600000, 0x0000000800000000)
  region size 2048K, 3 young (6144K), 3 survivors (6144K)
 Metaspace       used 10163K, committed 10432K, reserved 1114112K
  class space    used 1390K, committed 1536K, reserved 1048576K
}
Event: 0.584 GC heap before
{Heap before GC invocations=8 (full 0):
 garbage-first heap   total 524288K, used 311840K [0x0000000701600000, 0x0000000800000000)
  region size 2048K, 153 young (313344K), 3 survivors (6144K)
 Metaspace       used 11026K, committed 11264K, reserved 1114112K
  class space    used 1554K, committed 1664K, reserved 1048576K
}
Event: 0.586 GC heap after
{Heap after GC invocations=9 (full 0):
 garbage-first heap   total 524288K, used 5142K [0x0000000701600000, 0x0000000800000000)
  region size 2048K, 3 young (6144K), 3 survivors (6144K)
 Metaspace       used 11026K, committed 11264K, reserved 1114112K
  class space    used 1554K, committed 1664K, reserved 1048576K
}
Event: 0.614 GC heap before
{Heap before GC invocations=9 (full 0):
 garbage-first heap   total 524288K, used 312342K [0x0000000701600000, 0x0000000800000000)
  region size 2048K, 153 young (313344K), 3 survivors (6144K)
 Metaspace       used 11580K, committed 11904K, reserved 1114112K
  class space    used 1644K, committed 1792K, reserved 1048576K
}
Event: 0.618 GC heap after
{Heap after GC invocations=10 (full 0):
 garbage-first heap   total 913408K, used 5057K [0x0000000701600000, 0x0000000800000000)
  region size 2048K, 3 young (6144K), 3 survivors (6144K)
 Metaspace       used 11580K, committed 11904K, reserved 1114112K
  class space    used 1644K, committed 1792K, reserved 1048576K
}
Event: 0.913 GC heap before
{Heap before GC invocations=10 (full 0):
 garbage-first heap   total 913408K, used 547777K [0x0000000701600000, 0x0000000800000000)
  region size 2048K, 267 young (546816K), 3 survivors (6144K)
 Metaspace       used 13770K, committed 14016K, reserved 1114112K
  class space    used 1938K, committed 2048K, reserved 1048576K
}
Event: 0.915 GC heap after
{Heap after GC invocations=11 (full 0):
 garbage-first heap   total 913408K, used 7929K [0x0000000701600000, 0x0000000800000000)
  region size 2048K, 3 young (6144K), 3 survivors (6144K)
 Metaspace       used 13770K, committed 14016K, reserved 1114112K
  class space    used 1938K, committed 2048K, reserved 1048576K
}
Event: 0.965 GC heap before
{Heap before GC invocations=11 (full 0):
 garbage-first heap   total 913408K, used 548601K [0x0000000701600000, 0x0000000800000000)
  region size 2048K, 267 young (546816K), 3 survivors (6144K)
 Metaspace       used 13775K, committed 14016K, reserved 1114112K
  class space    used 1938K, committed 2048K, reserved 1048576K
}
Event: 0.967 GC heap after
{Heap after GC invocations=12 (full 0):
 garbage-first heap   total 913408K, used 8060K [0x0000000701600000, 0x0000000800000000)
  region size 2048K, 3 young (6144K), 3 survivors (6144K)
 Metaspace       used 13775K, committed 14016K, reserved 1114112K
  class space    used 1938K, committed 2048K, reserved 1048576K
}
Event: 1.020 GC heap before
{Heap before GC invocations=12 (full 0):
 garbage-first heap   total 913408K, used 548732K [0x0000000701600000, 0x0000000800000000)
  region size 2048K, 267 young (546816K), 3 survivors (6144K)
 Metaspace       used 13775K, committed 14016K, reserved 1114112K
  class space    used 1938K, committed 2048K, reserved 1048576K
}
Event: 1.022 GC heap after
{Heap after GC invocations=13 (full 0):
 garbage-first heap   total 913408K, used 8050K [0x0000000701600000, 0x0000000800000000)
  region size 2048K, 3 young (6144K), 3 survivors (6144K)
 Metaspace       used 13775K, committed 14016K, reserved 1114112K
  class space    used 1938K, committed 2048K, reserved 1048576K
}
Event: 1.075 GC heap before
{Heap before GC invocations=13 (full 0):
 garbage-first heap   total 913408K, used 548722K [0x0000000701600000, 0x0000000800000000)
  region size 2048K, 267 young (546816K), 3 survivors (6144K)
 Metaspace       used 13775K, committed 14016K, reserved 1114112K
  class space    used 1938K, committed 2048K, reserved 1048576K
}
Event: 1.078 GC heap after
{Heap after GC invocations=14 (full 0):
 garbage-first heap   total 913408K, used 8049K [0x0000000701600000, 0x0000000800000000)
  region size 2048K, 3 young (6144K), 3 survivors (6144K)
 Metaspace       used 13775K, committed 14016K, reserved 1114112K
  class space    used 1938K, committed 2048K, reserved 1048576K
}
Event: 1.131 GC heap before
{Heap before GC invocations=14 (full 0):
 garbage-first heap   total 913408K, used 548721K [0x0000000701600000, 0x0000000800000000)
  region size 2048K, 267 young (546816K), 3 survivors (6144K)
 Metaspace       used 13775K, committed 14016K, reserved 1114112K
  class space    used 1938K, committed 2048K, reserved 1048576K
}

