# JRE version: OpenJDK Runtime Environment Zulu19.32+15-CA (19.0.2+7) (build 19.0.2+7)
# Java VM: OpenJDK 64-Bit Server VM Zulu19.32+15-CA (19.0.2+7, mixed mode, sharing, tiered, compressed oops, compressed class ptrs, g1 gc, windows-amd64)
GC Precious Log:
 CardTable entry size: 512
 Card Set container configuration: InlinePtr #cards 4 size 8 Array Of Cards #cards 16 size 48 Howl #buckets 8 coarsen threshold 3686 Howl Bitmap #cards 512 size 80 coarsen threshold 460 Card regions per heap region 1 cards per card region 4096
 CPUs: 12 total, 12 available
 Memory: 16291M
 Large Page Support: Disabled
 NUMA Support: Disabled
 Compressed Oops: Enabled (Zero based)
 Heap Region Size: 2M
 Heap Min Capacity: 8M
 Heap Initial Capacity: 256M
 Heap Max Capacity: 4074M
 Pre-touch: Disabled
 Parallel Workers: 10
 Concurrent Workers: 3
 Concurrent Refinement Workers: 10
 Periodic GC: Disabled
Heap:
 garbage-first heap   total 940032K, used 8963K [0x0000000701600000, 0x0000000800000000)
  region size 2048K, 4 young (8192K), 4 survivors (8192K)
 Metaspace       used 13723K, committed 13952K, reserved 1114112K
  class space    used 1934K, committed 2048K, reserved 1048576K
GC Heap History (20 events):
Event: 0.434 GC heap after
{Heap after GC invocations=5 (full 0):
 garbage-first heap   total 262144K, used 4458K [0x0000000701600000, 0x0000000800000000)
  region size 2048K, 3 young (6144K), 3 survivors (6144K)
 Metaspace       used 6523K, committed 6720K, reserved 1114112K
  class space    used 874K, committed 960K, reserved 1048576K
}
Event: 0.449 GC heap before
{Heap before GC invocations=5 (full 0):
 garbage-first heap   total 262144K, used 153962K [0x0000000701600000, 0x0000000800000000)
  region size 2048K, 76 young (155648K), 3 survivors (6144K)
 Metaspace       used 6648K, committed 6848K, reserved 1114112K
  class space    used 888K, committed 960K, reserved 1048576K
}
Event: 0.452 GC heap after
{Heap after GC invocations=6 (full 0):
 garbage-first heap   total 524288K, used 4775K [0x0000000701600000, 0x0000000800000000)
  region size 2048K, 3 young (6144K), 3 survivors (6144K)
 Metaspace       used 6648K, committed 6848K, reserved 1114112K
  class space    used 888K, committed 960K, reserved 1048576K
}
Event: 0.538 GC heap before
{Heap before GC invocations=6 (full 0):
 garbage-first heap   total 524288K, used 311975K [0x0000000701600000, 0x0000000800000000)
  region size 2048K, 153 young (313344K), 3 survivors (6144K)
 Metaspace       used 9271K, committed 9472K, reserved 1114112K
  class space    used 1272K, committed 1344K, reserved 1048576K
}
Event: 0.540 GC heap after
{Heap after GC invocations=7 (full 0):
 garbage-first heap   total 524288K, used 5178K [0x0000000701600000, 0x0000000800000000)
  region size 2048K, 3 young (6144K), 3 survivors (6144K)
 Metaspace       used 9271K, committed 9472K, reserved 1114112K
  class space    used 1272K, committed 1344K, reserved 1048576K
}
Event: 0.568 GC heap before
{Heap before GC invocations=7 (full 0):
 garbage-first heap   total 524288K, used 310330K [0x0000000701600000, 0x0000000800000000)
  region size 2048K, 153 young (313344K), 3 survivors (6144K)
 Metaspace       used 9953K, committed 10240K, reserved 1114112K
  class space    used 1363K, committed 1472K, reserved 1048576K
}
Event: 0.570 GC heap after
{Heap after GC invocations=8 (full 0):
 garbage-first heap   total 524288K, used 5244K [0x0000000701600000, 0x0000000800000000)
  region size 2048K, 3 young (6144K), 3 survivors (6144K)
 Metaspace       used 9953K, committed 10240K, reserved 1114112K
  class space    used 1363K, committed 1472K, reserved 1048576K
}
Event: 0.603 GC heap before
{Heap before GC invocations=8 (full 0):
 garbage-first heap   total 524288K, used 312444K [0x0000000701600000, 0x0000000800000000)
  region size 2048K, 153 young (313344K), 3 survivors (6144K)
 Metaspace       used 10800K, committed 11008K, reserved 1114112K
  class space    used 1516K, committed 1600K, reserved 1048576K
}
Event: 0.605 GC heap after
{Heap after GC invocations=9 (full 0):
 garbage-first heap   total 524288K, used 5483K [0x0000000701600000, 0x0000000800000000)
  region size 2048K, 3 young (6144K), 3 survivors (6144K)
 Metaspace       used 10800K, committed 11008K, reserved 1114112K
  class space    used 1516K, committed 1600K, reserved 1048576K
}
Event: 0.633 GC heap before
{Heap before GC invocations=9 (full 0):
 garbage-first heap   total 524288K, used 312683K [0x0000000701600000, 0x0000000800000000)
  region size 2048K, 153 young (313344K), 3 survivors (6144K)
 Metaspace       used 11518K, committed 11840K, reserved 1114112K
  class space    used 1639K, committed 1792K, reserved 1048576K
}
Event: 0.637 GC heap after
{Heap after GC invocations=10 (full 0):
 garbage-first heap   total 940032K, used 5600K [0x0000000701600000, 0x0000000800000000)
  region size 2048K, 3 young (6144K), 3 survivors (6144K)
 Metaspace       used 11518K, committed 11840K, reserved 1114112K
  class space    used 1639K, committed 1792K, reserved 1048576K
}
Event: 0.797 GC heap before
{Heap before GC invocations=10 (full 0):
 garbage-first heap   total 940032K, used 564704K [0x0000000701600000, 0x0000000800000000)
  region size 2048K, 275 young (563200K), 3 survivors (6144K)
 Metaspace       used 13678K, committed 13952K, reserved 1114112K
  class space    used 1927K, committed 2048K, reserved 1048576K
}
Event: 0.800 GC heap after
{Heap after GC invocations=11 (full 0):
 garbage-first heap   total 940032K, used 8925K [0x0000000701600000, 0x0000000800000000)
  region size 2048K, 4 young (8192K), 4 survivors (8192K)
 Metaspace       used 13678K, committed 13952K, reserved 1114112K
  class space    used 1927K, committed 2048K, reserved 1048576K
}
Event: 0.853 GC heap before
{Heap before GC invocations=11 (full 0):
 garbage-first heap   total 940032K, used 563933K [0x0000000701600000, 0x0000000800000000)
  region size 2048K, 275 young (563200K), 4 survivors (8192K)
 Metaspace       used 13723K, committed 13952K, reserved 1114112K
  class space    used 1934K, committed 2048K, reserved 1048576K
}
Event: 0.856 GC heap after
{Heap after GC invocations=12 (full 0):
 garbage-first heap   total 940032K, used 8897K [0x0000000701600000, 0x0000000800000000)
  region size 2048K, 4 young (8192K), 4 survivors (8192K)
 Metaspace       used 13723K, committed 13952K, reserved 1114112K
  class space    used 1934K, committed 2048K, reserved 1048576K
}
Event: 0.901 GC heap before
{Heap before GC invocations=12 (full 0):
 garbage-first heap   total 940032K, used 563905K [0x0000000701600000, 0x0000000800000000)
  region size 2048K, 275 young (563200K), 4 survivors (8192K)
 Metaspace       used 13723K, committed 13952K, reserved 1114112K
  class space    used 1934K, committed 2048K, reserved 1048576K
}
Event: 0.904 GC heap after
{Heap after GC invocations=13 (full 0):
 garbage-first heap   total 940032K, used 8784K [0x0000000701600000, 0x0000000800000000)
  region size 2048K, 4 young (8192K), 4 survivors (8192K)
 Metaspace       used 13723K, committed 13952K, reserved 1114112K
  class space    used 1934K, committed 2048K, reserved 1048576K
}
Event: 0.949 GC heap before
{Heap before GC invocations=13 (full 0):
 garbage-first heap   total 940032K, used 563792K [0x0000000701600000, 0x0000000800000000)
  region size 2048K, 275 young (563200K), 4 survivors (8192K)
 Metaspace       used 13723K, committed 13952K, reserved 1114112K
  class space    used 1934K, committed 2048K, reserved 1048576K
}
Event: 0.952 GC heap after
{Heap after GC invocations=14 (full 0):
 garbage-first heap   total 940032K, used 8840K [0x0000000701600000, 0x0000000800000000)
  region size 2048K, 4 young (8192K), 4 survivors (8192K)
 Metaspace       used 13723K, committed 13952K, reserved 1114112K
  class space    used 1934K, committed 2048K, reserved 1048576K
}
Event: 0.997 GC heap before
{Heap before GC invocations=14 (full 0):
 garbage-first heap   total 940032K, used 563848K [0x0000000701600000, 0x0000000800000000)
  region size 2048K, 275 young (563200K), 4 survivors (8192K)
 Metaspace       used 13723K, committed 13952K, reserved 1114112K
  class space    used 1934K, committed 2048K, reserved 1048576K
}

