# JRE version: OpenJDK Runtime Environment Zulu19.32+15-CA (19.0.2+7) (build 19.0.2+7)
# Java VM: OpenJDK 64-Bit Server VM Zulu19.32+15-CA (19.0.2+7, mixed mode, sharing, tiered, compressed oops, compressed class ptrs, g1 gc, windows-amd64)
GC Precious Log:
 CardTable entry size: 512
 Card Set container configuration: InlinePtr #cards 4 size 8 Array Of Cards #cards 16 size 48 Howl #buckets 8 coarsen threshold 3686 Howl Bitmap #cards 512 size 80 coarsen threshold 460 Card regions per heap region 1 cards per card region 4096
 CPUs: 12 total, 12 available
 Memory: 16291M
 Large Page Support: Disabled
 NUMA Support: Disabled
 Compressed Oops: Enabled (Zero based)
 Heap Region Size: 2M
 Heap Min Capacity: 8M
 Heap Initial Capacity: 8M
 Heap Max Capacity: 4074M
 Pre-touch: Disabled
 Parallel Workers: 10
 Concurrent Workers: 3
 Concurrent Refinement Workers: 10
 Periodic GC: Disabled
Heap:
 garbage-first heap   total 26624K, used 11027K [0x0000000701600000, 0x0000000800000000)
  region size 2048K, 1 young (2048K), 1 survivors (2048K)
 Metaspace       used 9423K, committed 9600K, reserved 1114112K
  class space    used 1015K, committed 1088K, reserved 1048576K
GC Heap History (20 events):
Event: 0.397 GC heap after
{Heap after GC invocations=3 (full 0):
 garbage-first heap   total 8192K, used 2187K [0x0000000701600000, 0x0000000800000000)
  region size 2048K, 1 young (2048K), 1 survivors (2048K)
 Metaspace       used 6240K, committed 6400K, reserved 1114112K
  class space    used 707K, committed 768K, reserved 1048576K
}
Event: 0.500 GC heap before
{Heap before GC invocations=3 (full 0):
 garbage-first heap   total 8192K, used 4235K [0x0000000701600000, 0x0000000800000000)
  region size 2048K, 2 young (4096K), 1 survivors (2048K)
 Metaspace       used 7740K, committed 7872K, reserved 1114112K
  class space    used 851K, committed 896K, reserved 1048576K
}
Event: 0.504 GC heap after
{Heap after GC invocations=4 (full 0):
 garbage-first heap   total 8192K, used 3351K [0x0000000701600000, 0x0000000800000000)
  region size 2048K, 1 young (2048K), 1 survivors (2048K)
 Metaspace       used 7740K, committed 7872K, reserved 1114112K
  class space    used 851K, committed 896K, reserved 1048576K
}
Event: 0.589 GC heap before
{Heap before GC invocations=4 (full 0):
 garbage-first heap   total 8192K, used 5399K [0x0000000701600000, 0x0000000800000000)
  region size 2048K, 2 young (4096K), 1 survivors (2048K)
 Metaspace       used 8196K, committed 8448K, reserved 1114112K
  class space    used 891K, committed 1024K, reserved 1048576K
}
Event: 0.593 GC heap after
{Heap after GC invocations=5 (full 0):
 garbage-first heap   total 14336K, used 4025K [0x0000000701600000, 0x0000000800000000)
  region size 2048K, 1 young (2048K), 1 survivors (2048K)
 Metaspace       used 8196K, committed 8448K, reserved 1114112K
  class space    used 891K, committed 1024K, reserved 1048576K
}
Event: 0.664 GC heap before
{Heap before GC invocations=5 (full 0):
 garbage-first heap   total 14336K, used 6073K [0x0000000701600000, 0x0000000800000000)
  region size 2048K, 2 young (4096K), 1 survivors (2048K)
 Metaspace       used 8698K, committed 8832K, reserved 1114112K
  class space    used 956K, committed 1024K, reserved 1048576K
}
Event: 0.669 GC heap after
{Heap after GC invocations=6 (full 0):
 garbage-first heap   total 14336K, used 4967K [0x0000000701600000, 0x0000000800000000)
  region size 2048K, 1 young (2048K), 1 survivors (2048K)
 Metaspace       used 8698K, committed 8832K, reserved 1114112K
  class space    used 956K, committed 1024K, reserved 1048576K
}
Event: 0.726 GC heap before
{Heap before GC invocations=6 (full 0):
 garbage-first heap   total 14336K, used 4967K [0x0000000701600000, 0x0000000800000000)
  region size 2048K, 2 young (4096K), 1 survivors (2048K)
 Metaspace       used 8868K, committed 9024K, reserved 1114112K
  class space    used 966K, committed 1024K, reserved 1048576K
}
Event: 0.730 GC heap after
{Heap after GC invocations=7 (full 0):
 garbage-first heap   total 14336K, used 5680K [0x0000000701600000, 0x0000000800000000)
  region size 2048K, 1 young (2048K), 1 survivors (2048K)
 Metaspace       used 8868K, committed 9024K, reserved 1114112K
  class space    used 966K, committed 1024K, reserved 1048576K
}
Event: 0.743 GC heap before
{Heap before GC invocations=7 (full 0):
 garbage-first heap   total 14336K, used 7728K [0x0000000701600000, 0x0000000800000000)
  region size 2048K, 2 young (4096K), 1 survivors (2048K)
 Metaspace       used 8876K, committed 9024K, reserved 1114112K
  class space    used 966K, committed 1024K, reserved 1048576K
}
Event: 0.745 GC heap after
{Heap after GC invocations=8 (full 0):
 garbage-first heap   total 14336K, used 6441K [0x0000000701600000, 0x0000000800000000)
  region size 2048K, 1 young (2048K), 1 survivors (2048K)
 Metaspace       used 8876K, committed 9024K, reserved 1114112K
  class space    used 966K, committed 1024K, reserved 1048576K
}
Event: 0.786 GC heap before
{Heap before GC invocations=8 (full 0):
 garbage-first heap   total 14336K, used 8489K [0x0000000701600000, 0x0000000800000000)
  region size 2048K, 2 young (4096K), 1 survivors (2048K)
 Metaspace       used 8913K, committed 9024K, reserved 1114112K
  class space    used 968K, committed 1024K, reserved 1048576K
}
Event: 0.788 GC heap after
{Heap after GC invocations=9 (full 0):
 garbage-first heap   total 26624K, used 6897K [0x0000000701600000, 0x0000000800000000)
  region size 2048K, 1 young (2048K), 1 survivors (2048K)
 Metaspace       used 8913K, committed 9024K, reserved 1114112K
  class space    used 968K, committed 1024K, reserved 1048576K
}
Event: 0.892 GC heap before
{Heap before GC invocations=9 (full 0):
 garbage-first heap   total 26624K, used 13041K [0x0000000701600000, 0x0000000800000000)
  region size 2048K, 4 young (8192K), 1 survivors (2048K)
 Metaspace       used 9355K, committed 9536K, reserved 1114112K
  class space    used 1014K, committed 1088K, reserved 1048576K
}
Event: 0.895 GC heap after
{Heap after GC invocations=10 (full 0):
 garbage-first heap   total 26624K, used 7815K [0x0000000701600000, 0x0000000800000000)
  region size 2048K, 1 young (2048K), 1 survivors (2048K)
 Metaspace       used 9355K, committed 9536K, reserved 1114112K
  class space    used 1014K, committed 1088K, reserved 1048576K
}
Event: 0.925 GC heap before
{Heap before GC invocations=10 (full 0):
 garbage-first heap   total 26624K, used 13959K [0x0000000701600000, 0x0000000800000000)
  region size 2048K, 4 young (8192K), 1 survivors (2048K)
 Metaspace       used 9381K, committed 9536K, reserved 1114112K
  class space    used 1014K, committed 1088K, reserved 1048576K
}
Event: 0.931 GC heap after
{Heap after GC invocations=11 (full 0):
 garbage-first heap   total 26624K, used 8813K [0x0000000701600000, 0x0000000800000000)
  region size 2048K, 1 young (2048K), 1 survivors (2048K)
 Metaspace       used 9381K, committed 9536K, reserved 1114112K
  class space    used 1014K, committed 1088K, reserved 1048576K
}
Event: 0.959 GC heap before
{Heap before GC invocations=11 (full 0):
 garbage-first heap   total 26624K, used 14957K [0x0000000701600000, 0x0000000800000000)
  region size 2048K, 4 young (8192K), 1 survivors (2048K)
 Metaspace       used 9414K, committed 9600K, reserved 1114112K
  class space    used 1015K, committed 1088K, reserved 1048576K
}
Event: 0.965 GC heap after
{Heap after GC invocations=12 (full 0):
 garbage-first heap   total 26624K, used 9861K [0x0000000701600000, 0x0000000800000000)
  region size 2048K, 1 young (2048K), 1 survivors (2048K)
 Metaspace       used 9414K, committed 9600K, reserved 1114112K
  class space    used 1015K, committed 1088K, reserved 1048576K
}
Event: 0.985 GC heap before
{Heap before GC invocations=12 (full 0):
 garbage-first heap   total 26624K, used 16005K [0x0000000701600000, 0x0000000800000000)
  region size 2048K, 4 young (8192K), 1 survivors (2048K)
 Metaspace       used 9423K, committed 9600K, reserved 1114112K
  class space    used 1015K, committed 1088K, reserved 1048576K
}

