# JRE version: OpenJDK Runtime Environment Zulu19.32+15-CA (19.0.2+7) (build 19.0.2+7)
# Java VM: OpenJDK 64-Bit Server VM Zulu19.32+15-CA (19.0.2+7, mixed mode, sharing, tiered, compressed oops, compressed class ptrs, g1 gc, windows-amd64)
GC Precious Log:
 CardTable entry size: 512
 Card Set container configuration: InlinePtr #cards 4 size 8 Array Of Cards #cards 16 size 48 Howl #buckets 8 coarsen threshold 3686 Howl Bitmap #cards 512 size 80 coarsen threshold 460 Card regions per heap region 1 cards per card region 4096
 CPUs: 12 total, 12 available
 Memory: 16291M
 Large Page Support: Disabled
 NUMA Support: Disabled
 Compressed Oops: Enabled (Zero based)
 Heap Region Size: 2M
 Heap Min Capacity: 8M
 Heap Initial Capacity: 256M
 Heap Max Capacity: 4074M
 Pre-touch: Disabled
 Parallel Workers: 10
 Concurrent Workers: 3
 Concurrent Refinement Workers: 10
 Periodic GC: Disabled
Heap:
 garbage-first heap   total 886784K, used 8729K [0x0000000701600000, 0x0000000800000000)
  region size 2048K, 4 young (8192K), 4 survivors (8192K)
 Metaspace       used 13720K, committed 14016K, reserved 1114112K
  class space    used 1938K, committed 2112K, reserved 1048576K
GC Heap History (20 events):
Event: 0.452 GC heap after
{Heap after GC invocations=5 (full 0):
 garbage-first heap   total 262144K, used 4709K [0x0000000701600000, 0x0000000800000000)
  region size 2048K, 3 young (6144K), 3 survivors (6144K)
 Metaspace       used 6542K, committed 6784K, reserved 1114112K
  class space    used 875K, committed 960K, reserved 1048576K
}
Event: 0.468 GC heap before
{Heap before GC invocations=5 (full 0):
 garbage-first heap   total 262144K, used 154213K [0x0000000701600000, 0x0000000800000000)
  region size 2048K, 76 young (155648K), 3 survivors (6144K)
 Metaspace       used 6652K, committed 6912K, reserved 1114112K
  class space    used 889K, committed 1024K, reserved 1048576K
}
Event: 0.471 GC heap after
{Heap after GC invocations=6 (full 0):
 garbage-first heap   total 524288K, used 4447K [0x0000000701600000, 0x0000000800000000)
  region size 2048K, 3 young (6144K), 3 survivors (6144K)
 Metaspace       used 6652K, committed 6912K, reserved 1114112K
  class space    used 889K, committed 1024K, reserved 1048576K
}
Event: 0.556 GC heap before
{Heap before GC invocations=6 (full 0):
 garbage-first heap   total 524288K, used 311647K [0x0000000701600000, 0x0000000800000000)
  region size 2048K, 153 young (313344K), 3 survivors (6144K)
 Metaspace       used 9260K, committed 9472K, reserved 1114112K
  class space    used 1272K, committed 1344K, reserved 1048576K
}
Event: 0.558 GC heap after
{Heap after GC invocations=7 (full 0):
 garbage-first heap   total 524288K, used 4995K [0x0000000701600000, 0x0000000800000000)
  region size 2048K, 3 young (6144K), 3 survivors (6144K)
 Metaspace       used 9260K, committed 9472K, reserved 1114112K
  class space    used 1272K, committed 1344K, reserved 1048576K
}
Event: 0.585 GC heap before
{Heap before GC invocations=7 (full 0):
 garbage-first heap   total 524288K, used 312195K [0x0000000701600000, 0x0000000800000000)
  region size 2048K, 153 young (313344K), 3 survivors (6144K)
 Metaspace       used 9914K, committed 10176K, reserved 1114112K
  class space    used 1362K, committed 1472K, reserved 1048576K
}
Event: 0.587 GC heap after
{Heap after GC invocations=8 (full 0):
 garbage-first heap   total 524288K, used 5258K [0x0000000701600000, 0x0000000800000000)
  region size 2048K, 3 young (6144K), 3 survivors (6144K)
 Metaspace       used 9914K, committed 10176K, reserved 1114112K
  class space    used 1362K, committed 1472K, reserved 1048576K
}
Event: 0.616 GC heap before
{Heap before GC invocations=8 (full 0):
 garbage-first heap   total 524288K, used 312458K [0x0000000701600000, 0x0000000800000000)
  region size 2048K, 153 young (313344K), 3 survivors (6144K)
 Metaspace       used 10803K, committed 11008K, reserved 1114112K
  class space    used 1518K, committed 1600K, reserved 1048576K
}
Event: 0.618 GC heap after
{Heap after GC invocations=9 (full 0):
 garbage-first heap   total 524288K, used 5383K [0x0000000701600000, 0x0000000800000000)
  region size 2048K, 3 young (6144K), 3 survivors (6144K)
 Metaspace       used 10803K, committed 11008K, reserved 1114112K
  class space    used 1518K, committed 1600K, reserved 1048576K
}
Event: 0.646 GC heap before
{Heap before GC invocations=9 (full 0):
 garbage-first heap   total 524288K, used 312583K [0x0000000701600000, 0x0000000800000000)
  region size 2048K, 153 young (313344K), 3 survivors (6144K)
 Metaspace       used 11537K, committed 11840K, reserved 1114112K
  class space    used 1642K, committed 1792K, reserved 1048576K
}
Event: 0.650 GC heap after
{Heap after GC invocations=10 (full 0):
 garbage-first heap   total 886784K, used 5769K [0x0000000701600000, 0x0000000800000000)
  region size 2048K, 3 young (6144K), 3 survivors (6144K)
 Metaspace       used 11537K, committed 11840K, reserved 1114112K
  class space    used 1642K, committed 1792K, reserved 1048576K
}
Event: 0.788 GC heap before
{Heap before GC invocations=10 (full 0):
 garbage-first heap   total 886784K, used 532105K [0x0000000701600000, 0x0000000800000000)
  region size 2048K, 259 young (530432K), 3 survivors (6144K)
 Metaspace       used 13537K, committed 13824K, reserved 1114112K
  class space    used 1915K, committed 2048K, reserved 1048576K
}
Event: 0.791 GC heap after
{Heap after GC invocations=11 (full 0):
 garbage-first heap   total 886784K, used 9041K [0x0000000701600000, 0x0000000800000000)
  region size 2048K, 4 young (8192K), 4 survivors (8192K)
 Metaspace       used 13537K, committed 13824K, reserved 1114112K
  class space    used 1915K, committed 2048K, reserved 1048576K
}
Event: 0.844 GC heap before
{Heap before GC invocations=11 (full 0):
 garbage-first heap   total 886784K, used 531281K [0x0000000701600000, 0x0000000800000000)
  region size 2048K, 259 young (530432K), 4 survivors (8192K)
 Metaspace       used 13720K, committed 14016K, reserved 1114112K
  class space    used 1938K, committed 2112K, reserved 1048576K
}
Event: 0.846 GC heap after
{Heap after GC invocations=12 (full 0):
 garbage-first heap   total 886784K, used 8795K [0x0000000701600000, 0x0000000800000000)
  region size 2048K, 4 young (8192K), 4 survivors (8192K)
 Metaspace       used 13720K, committed 14016K, reserved 1114112K
  class space    used 1938K, committed 2112K, reserved 1048576K
}
Event: 0.888 GC heap before
{Heap before GC invocations=12 (full 0):
 garbage-first heap   total 886784K, used 531035K [0x0000000701600000, 0x0000000800000000)
  region size 2048K, 259 young (530432K), 4 survivors (8192K)
 Metaspace       used 13720K, committed 14016K, reserved 1114112K
  class space    used 1938K, committed 2112K, reserved 1048576K
}
Event: 0.891 GC heap after
{Heap after GC invocations=13 (full 0):
 garbage-first heap   total 886784K, used 8737K [0x0000000701600000, 0x0000000800000000)
  region size 2048K, 4 young (8192K), 4 survivors (8192K)
 Metaspace       used 13720K, committed 14016K, reserved 1114112K
  class space    used 1938K, committed 2112K, reserved 1048576K
}
Event: 0.938 GC heap before
{Heap before GC invocations=13 (full 0):
 garbage-first heap   total 886784K, used 530977K [0x0000000701600000, 0x0000000800000000)
  region size 2048K, 259 young (530432K), 4 survivors (8192K)
 Metaspace       used 13720K, committed 14016K, reserved 1114112K
  class space    used 1938K, committed 2112K, reserved 1048576K
}
Event: 0.941 GC heap after
{Heap after GC invocations=14 (full 0):
 garbage-first heap   total 886784K, used 8830K [0x0000000701600000, 0x0000000800000000)
  region size 2048K, 4 young (8192K), 4 survivors (8192K)
 Metaspace       used 13720K, committed 14016K, reserved 1114112K
  class space    used 1938K, committed 2112K, reserved 1048576K
}
Event: 0.990 GC heap before
{Heap before GC invocations=14 (full 0):
 garbage-first heap   total 886784K, used 531070K [0x0000000701600000, 0x0000000800000000)
  region size 2048K, 259 young (530432K), 4 survivors (8192K)
 Metaspace       used 13720K, committed 14016K, reserved 1114112K
  class space    used 1938K, committed 2112K, reserved 1048576K
}

