# JRE version: OpenJDK Runtime Environment Zulu19.32+15-CA (19.0.2+7) (build 19.0.2+7)
# Java VM: OpenJDK 64-Bit Server VM Zulu19.32+15-CA (19.0.2+7, mixed mode, sharing, tiered, compressed oops, compressed class ptrs, g1 gc, windows-amd64)
GC Precious Log:
 CardTable entry size: 512
 Card Set container configuration: InlinePtr #cards 4 size 8 Array Of Cards #cards 16 size 48 Howl #buckets 8 coarsen threshold 3686 Howl Bitmap #cards 512 size 80 coarsen threshold 460 Card regions per heap region 1 cards per card region 4096
 CPUs: 12 total, 12 available
 Memory: 16291M
 Large Page Support: Disabled
 NUMA Support: Disabled
 Compressed Oops: Enabled (Zero based)
 Heap Region Size: 2M
 Heap Min Capacity: 8M
 Heap Initial Capacity: 256M
 Heap Max Capacity: 4074M
 Pre-touch: Disabled
 Parallel Workers: 10
 Concurrent Workers: 3
 Concurrent Refinement Workers: 10
 Periodic GC: Disabled
Heap:
 garbage-first heap   total 964608K, used 8192K [0x0000000701600000, 0x0000000800000000)
  region size 2048K, 3 young (6144K), 3 survivors (6144K)
 Metaspace       used 13764K, committed 14016K, reserved 1114112K
  class space    used 1936K, committed 2048K, reserved 1048576K
GC Heap History (20 events):
Event: 0.430 GC heap after
{Heap after GC invocations=5 (full 0):
 garbage-first heap   total 262144K, used 3820K [0x0000000701600000, 0x0000000800000000)
  region size 2048K, 2 young (4096K), 2 survivors (4096K)
 Metaspace       used 6557K, committed 6784K, reserved 1114112K
  class space    used 874K, committed 960K, reserved 1048576K
}
Event: 0.444 GC heap before
{Heap before GC invocations=5 (full 0):
 garbage-first heap   total 262144K, used 155372K [0x0000000701600000, 0x0000000800000000)
  region size 2048K, 76 young (155648K), 2 survivors (4096K)
 Metaspace       used 6664K, committed 6912K, reserved 1114112K
  class space    used 888K, committed 1024K, reserved 1048576K
}
Event: 0.447 GC heap after
{Heap after GC invocations=6 (full 0):
 garbage-first heap   total 524288K, used 3828K [0x0000000701600000, 0x0000000800000000)
  region size 2048K, 2 young (4096K), 2 survivors (4096K)
 Metaspace       used 6664K, committed 6912K, reserved 1114112K
  class space    used 888K, committed 1024K, reserved 1048576K
}
Event: 0.536 GC heap before
{Heap before GC invocations=6 (full 0):
 garbage-first heap   total 524288K, used 313076K [0x0000000701600000, 0x0000000800000000)
  region size 2048K, 153 young (313344K), 2 survivors (4096K)
 Metaspace       used 9436K, committed 9600K, reserved 1114112K
  class space    used 1294K, committed 1344K, reserved 1048576K
}
Event: 0.539 GC heap after
{Heap after GC invocations=7 (full 0):
 garbage-first heap   total 524288K, used 4733K [0x0000000701600000, 0x0000000800000000)
  region size 2048K, 3 young (6144K), 3 survivors (6144K)
 Metaspace       used 9436K, committed 9600K, reserved 1114112K
  class space    used 1294K, committed 1344K, reserved 1048576K
}
Event: 0.567 GC heap before
{Heap before GC invocations=7 (full 0):
 garbage-first heap   total 524288K, used 311933K [0x0000000701600000, 0x0000000800000000)
  region size 2048K, 153 young (313344K), 3 survivors (6144K)
 Metaspace       used 10127K, committed 10368K, reserved 1114112K
  class space    used 1384K, committed 1472K, reserved 1048576K
}
Event: 0.569 GC heap after
{Heap after GC invocations=8 (full 0):
 garbage-first heap   total 524288K, used 4971K [0x0000000701600000, 0x0000000800000000)
  region size 2048K, 3 young (6144K), 3 survivors (6144K)
 Metaspace       used 10127K, committed 10368K, reserved 1114112K
  class space    used 1384K, committed 1472K, reserved 1048576K
}
Event: 0.598 GC heap before
{Heap before GC invocations=8 (full 0):
 garbage-first heap   total 524288K, used 312171K [0x0000000701600000, 0x0000000800000000)
  region size 2048K, 153 young (313344K), 3 survivors (6144K)
 Metaspace       used 10982K, committed 11264K, reserved 1114112K
  class space    used 1544K, committed 1664K, reserved 1048576K
}
Event: 0.600 GC heap after
{Heap after GC invocations=9 (full 0):
 garbage-first heap   total 524288K, used 4873K [0x0000000701600000, 0x0000000800000000)
  region size 2048K, 3 young (6144K), 3 survivors (6144K)
 Metaspace       used 10982K, committed 11264K, reserved 1114112K
  class space    used 1544K, committed 1664K, reserved 1048576K
}
Event: 0.630 GC heap before
{Heap before GC invocations=9 (full 0):
 garbage-first heap   total 524288K, used 312073K [0x0000000701600000, 0x0000000800000000)
  region size 2048K, 153 young (313344K), 3 survivors (6144K)
 Metaspace       used 11578K, committed 11904K, reserved 1114112K
  class space    used 1644K, committed 1792K, reserved 1048576K
}
Event: 0.633 GC heap after
{Heap after GC invocations=10 (full 0):
 garbage-first heap   total 964608K, used 4814K [0x0000000701600000, 0x0000000800000000)
  region size 2048K, 3 young (6144K), 3 survivors (6144K)
 Metaspace       used 11578K, committed 11904K, reserved 1114112K
  class space    used 1644K, committed 1792K, reserved 1048576K
}
Event: 0.965 GC heap before
{Heap before GC invocations=10 (full 0):
 garbage-first heap   total 964608K, used 578254K [0x0000000701600000, 0x0000000800000000)
  region size 2048K, 282 young (577536K), 3 survivors (6144K)
 Metaspace       used 13758K, committed 14016K, reserved 1114112K
  class space    used 1936K, committed 2048K, reserved 1048576K
}
Event: 0.968 GC heap after
{Heap after GC invocations=11 (full 0):
 garbage-first heap   total 964608K, used 8066K [0x0000000701600000, 0x0000000800000000)
  region size 2048K, 3 young (6144K), 3 survivors (6144K)
 Metaspace       used 13758K, committed 14016K, reserved 1114112K
  class space    used 1936K, committed 2048K, reserved 1048576K
}
Event: 1.021 GC heap before
{Heap before GC invocations=11 (full 0):
 garbage-first heap   total 964608K, used 579458K [0x0000000701600000, 0x0000000800000000)
  region size 2048K, 282 young (577536K), 3 survivors (6144K)
 Metaspace       used 13763K, committed 14016K, reserved 1114112K
  class space    used 1936K, committed 2048K, reserved 1048576K
}
Event: 1.025 GC heap after
{Heap after GC invocations=12 (full 0):
 garbage-first heap   total 964608K, used 8161K [0x0000000701600000, 0x0000000800000000)
  region size 2048K, 3 young (6144K), 3 survivors (6144K)
 Metaspace       used 13763K, committed 14016K, reserved 1114112K
  class space    used 1936K, committed 2048K, reserved 1048576K
}
Event: 1.085 GC heap before
{Heap before GC invocations=12 (full 0):
 garbage-first heap   total 964608K, used 579553K [0x0000000701600000, 0x0000000800000000)
  region size 2048K, 282 young (577536K), 3 survivors (6144K)
 Metaspace       used 13764K, committed 14016K, reserved 1114112K
  class space    used 1936K, committed 2048K, reserved 1048576K
}
Event: 1.088 GC heap after
{Heap after GC invocations=13 (full 0):
 garbage-first heap   total 964608K, used 8090K [0x0000000701600000, 0x0000000800000000)
  region size 2048K, 3 young (6144K), 3 survivors (6144K)
 Metaspace       used 13764K, committed 14016K, reserved 1114112K
  class space    used 1936K, committed 2048K, reserved 1048576K
}
Event: 1.143 GC heap before
{Heap before GC invocations=13 (full 0):
 garbage-first heap   total 964608K, used 579482K [0x0000000701600000, 0x0000000800000000)
  region size 2048K, 282 young (577536K), 3 survivors (6144K)
 Metaspace       used 13764K, committed 14016K, reserved 1114112K
  class space    used 1936K, committed 2048K, reserved 1048576K
}
Event: 1.145 GC heap after
{Heap after GC invocations=14 (full 0):
 garbage-first heap   total 964608K, used 8192K [0x0000000701600000, 0x0000000800000000)
  region size 2048K, 3 young (6144K), 3 survivors (6144K)
 Metaspace       used 13764K, committed 14016K, reserved 1114112K
  class space    used 1936K, committed 2048K, reserved 1048576K
}
Event: 1.206 GC heap before
{Heap before GC invocations=14 (full 0):
 garbage-first heap   total 964608K, used 579584K [0x0000000701600000, 0x0000000800000000)
  region size 2048K, 282 young (577536K), 3 survivors (6144K)
 Metaspace       used 13764K, committed 14016K, reserved 1114112K
  class space    used 1936K, committed 2048K, reserved 1048576K
}

