# JRE version: OpenJDK Runtime Environment Zulu19.32+15-CA (19.0.2+7) (build 19.0.2+7)
# Java VM: OpenJDK 64-Bit Server VM Zulu19.32+15-CA (19.0.2+7, mixed mode, sharing, tiered, compressed oops, compressed class ptrs, g1 gc, windows-amd64)
GC Precious Log:
 CardTable entry size: 512
 Card Set container configuration: InlinePtr #cards 4 size 8 Array Of Cards #cards 16 size 48 Howl #buckets 8 coarsen threshold 3686 Howl Bitmap #cards 512 size 80 coarsen threshold 460 Card regions per heap region 1 cards per card region 4096
 CPUs: 12 total, 12 available
 Memory: 16291M
 Large Page Support: Disabled
 NUMA Support: Disabled
 Compressed Oops: Enabled (Zero based)
 Heap Region Size: 2M
 Heap Min Capacity: 8M
 Heap Initial Capacity: 256M
 Heap Max Capacity: 4074M
 Pre-touch: Disabled
 Parallel Workers: 10
 Concurrent Workers: 3
 Concurrent Refinement Workers: 10
 Periodic GC: Disabled
Heap:
 garbage-first heap   total 952320K, used 8942K [0x0000000701600000, 0x0000000800000000)
  region size 2048K, 4 young (8192K), 4 survivors (8192K)
 Metaspace       used 13720K, committed 14016K, reserved 1114112K
  class space    used 1937K, committed 2112K, reserved 1048576K
GC Heap History (20 events):
Event: 0.422 GC heap after
{Heap after GC invocations=5 (full 0):
 garbage-first heap   total 262144K, used 4446K [0x0000000701600000, 0x0000000800000000)
  region size 2048K, 3 young (6144K), 3 survivors (6144K)
 Metaspace       used 6515K, committed 6720K, reserved 1114112K
  class space    used 871K, committed 960K, reserved 1048576K
}
Event: 0.437 GC heap before
{Heap before GC invocations=5 (full 0):
 garbage-first heap   total 262144K, used 153950K [0x0000000701600000, 0x0000000800000000)
  region size 2048K, 76 young (155648K), 3 survivors (6144K)
 Metaspace       used 6627K, committed 6912K, reserved 1114112K
  class space    used 886K, committed 1024K, reserved 1048576K
}
Event: 0.439 GC heap after
{Heap after GC invocations=6 (full 0):
 garbage-first heap   total 524288K, used 4482K [0x0000000701600000, 0x0000000800000000)
  region size 2048K, 3 young (6144K), 3 survivors (6144K)
 Metaspace       used 6627K, committed 6912K, reserved 1114112K
  class space    used 886K, committed 1024K, reserved 1048576K
}
Event: 0.528 GC heap before
{Heap before GC invocations=6 (full 0):
 garbage-first heap   total 524288K, used 311682K [0x0000000701600000, 0x0000000800000000)
  region size 2048K, 153 young (313344K), 3 survivors (6144K)
 Metaspace       used 9335K, committed 9536K, reserved 1114112K
  class space    used 1284K, committed 1344K, reserved 1048576K
}
Event: 0.530 GC heap after
{Heap after GC invocations=7 (full 0):
 garbage-first heap   total 524288K, used 5123K [0x0000000701600000, 0x0000000800000000)
  region size 2048K, 3 young (6144K), 3 survivors (6144K)
 Metaspace       used 9335K, committed 9536K, reserved 1114112K
  class space    used 1284K, committed 1344K, reserved 1048576K
}
Event: 0.558 GC heap before
{Heap before GC invocations=7 (full 0):
 garbage-first heap   total 524288K, used 312323K [0x0000000701600000, 0x0000000800000000)
  region size 2048K, 153 young (313344K), 3 survivors (6144K)
 Metaspace       used 10035K, committed 10304K, reserved 1114112K
  class space    used 1373K, committed 1472K, reserved 1048576K
}
Event: 0.561 GC heap after
{Heap after GC invocations=8 (full 0):
 garbage-first heap   total 524288K, used 5196K [0x0000000701600000, 0x0000000800000000)
  region size 2048K, 3 young (6144K), 3 survivors (6144K)
 Metaspace       used 10035K, committed 10304K, reserved 1114112K
  class space    used 1373K, committed 1472K, reserved 1048576K
}
Event: 0.588 GC heap before
{Heap before GC invocations=8 (full 0):
 garbage-first heap   total 524288K, used 312396K [0x0000000701600000, 0x0000000800000000)
  region size 2048K, 153 young (313344K), 3 survivors (6144K)
 Metaspace       used 10876K, committed 11136K, reserved 1114112K
  class space    used 1524K, committed 1664K, reserved 1048576K
}
Event: 0.590 GC heap after
{Heap after GC invocations=9 (full 0):
 garbage-first heap   total 524288K, used 5554K [0x0000000701600000, 0x0000000800000000)
  region size 2048K, 3 young (6144K), 3 survivors (6144K)
 Metaspace       used 10876K, committed 11136K, reserved 1114112K
  class space    used 1524K, committed 1664K, reserved 1048576K
}
Event: 0.618 GC heap before
{Heap before GC invocations=9 (full 0):
 garbage-first heap   total 524288K, used 312754K [0x0000000701600000, 0x0000000800000000)
  region size 2048K, 153 young (313344K), 3 survivors (6144K)
 Metaspace       used 11539K, committed 11840K, reserved 1114112K
  class space    used 1643K, committed 1792K, reserved 1048576K
}
Event: 0.621 GC heap after
{Heap after GC invocations=10 (full 0):
 garbage-first heap   total 952320K, used 5578K [0x0000000701600000, 0x0000000800000000)
  region size 2048K, 3 young (6144K), 3 survivors (6144K)
 Metaspace       used 11539K, committed 11840K, reserved 1114112K
  class space    used 1643K, committed 1792K, reserved 1048576K
}
Event: 0.771 GC heap before
{Heap before GC invocations=10 (full 0):
 garbage-first heap   total 952320K, used 572874K [0x0000000701600000, 0x0000000800000000)
  region size 2048K, 279 young (571392K), 3 survivors (6144K)
 Metaspace       used 13699K, committed 13952K, reserved 1114112K
  class space    used 1935K, committed 2048K, reserved 1048576K
}
Event: 0.774 GC heap after
{Heap after GC invocations=11 (full 0):
 garbage-first heap   total 952320K, used 8739K [0x0000000701600000, 0x0000000800000000)
  region size 2048K, 4 young (8192K), 4 survivors (8192K)
 Metaspace       used 13699K, committed 13952K, reserved 1114112K
  class space    used 1935K, committed 2048K, reserved 1048576K
}
Event: 0.820 GC heap before
{Heap before GC invocations=11 (full 0):
 garbage-first heap   total 952320K, used 571939K [0x0000000701600000, 0x0000000800000000)
  region size 2048K, 279 young (571392K), 4 survivors (8192K)
 Metaspace       used 13720K, committed 14016K, reserved 1114112K
  class space    used 1937K, committed 2112K, reserved 1048576K
}
Event: 0.823 GC heap after
{Heap after GC invocations=12 (full 0):
 garbage-first heap   total 952320K, used 8802K [0x0000000701600000, 0x0000000800000000)
  region size 2048K, 4 young (8192K), 4 survivors (8192K)
 Metaspace       used 13720K, committed 14016K, reserved 1114112K
  class space    used 1937K, committed 2112K, reserved 1048576K
}
Event: 0.868 GC heap before
{Heap before GC invocations=12 (full 0):
 garbage-first heap   total 952320K, used 572002K [0x0000000701600000, 0x0000000800000000)
  region size 2048K, 279 young (571392K), 4 survivors (8192K)
 Metaspace       used 13720K, committed 14016K, reserved 1114112K
  class space    used 1937K, committed 2112K, reserved 1048576K
}
Event: 0.871 GC heap after
{Heap after GC invocations=13 (full 0):
 garbage-first heap   total 952320K, used 8639K [0x0000000701600000, 0x0000000800000000)
  region size 2048K, 4 young (8192K), 4 survivors (8192K)
 Metaspace       used 13720K, committed 14016K, reserved 1114112K
  class space    used 1937K, committed 2112K, reserved 1048576K
}
Event: 0.915 GC heap before
{Heap before GC invocations=13 (full 0):
 garbage-first heap   total 952320K, used 571839K [0x0000000701600000, 0x0000000800000000)
  region size 2048K, 279 young (571392K), 4 survivors (8192K)
 Metaspace       used 13720K, committed 14016K, reserved 1114112K
  class space    used 1937K, committed 2112K, reserved 1048576K
}
Event: 0.918 GC heap after
{Heap after GC invocations=14 (full 0):
 garbage-first heap   total 952320K, used 8829K [0x0000000701600000, 0x0000000800000000)
  region size 2048K, 4 young (8192K), 4 survivors (8192K)
 Metaspace       used 13720K, committed 14016K, reserved 1114112K
  class space    used 1937K, committed 2112K, reserved 1048576K
}
Event: 0.962 GC heap before
{Heap before GC invocations=14 (full 0):
 garbage-first heap   total 952320K, used 572029K [0x0000000701600000, 0x0000000800000000)
  region size 2048K, 279 young (571392K), 4 survivors (8192K)
 Metaspace       used 13720K, committed 14016K, reserved 1114112K
  class space    used 1937K, committed 2112K, reserved 1048576K
}

