# JRE version: OpenJDK Runtime Environment Zulu19.32+15-CA (19.0.2+7) (build 19.0.2+7)
# Java VM: OpenJDK 64-Bit Server VM Zulu19.32+15-CA (19.0.2+7, mixed mode, sharing, tiered, compressed oops, compressed class ptrs, g1 gc, windows-amd64)
GC Precious Log:
 CardTable entry size: 512
 Card Set container configuration: InlinePtr #cards 4 size 8 Array Of Cards #cards 16 size 48 Howl #buckets 8 coarsen threshold 3686 Howl Bitmap #cards 512 size 80 coarsen threshold 460 Card regions per heap region 1 cards per card region 4096
 CPUs: 12 total, 12 available
 Memory: 16291M
 Large Page Support: Disabled
 NUMA Support: Disabled
 Compressed Oops: Enabled (Zero based)
 Heap Region Size: 2M
 Heap Min Capacity: 8M
 Heap Initial Capacity: 8M
 Heap Max Capacity: 4074M
 Pre-touch: Disabled
 Parallel Workers: 10
 Concurrent Workers: 3
 Concurrent Refinement Workers: 10
 Periodic GC: Disabled
Heap:
 garbage-first heap   total 14336K, used 6723K [0x0000000701600000, 0x0000000800000000)
  region size 2048K, 1 young (2048K), 1 survivors (2048K)
 Metaspace       used 8786K, committed 8960K, reserved 1114112K
  class space    used 972K, committed 1024K, reserved 1048576K
GC Heap History (17 events):
Event: 0.105 GC heap before
{Heap before GC invocations=0 (full 0):
 garbage-first heap   total 8192K, used 2048K [0x0000000701600000, 0x0000000800000000)
  region size 2048K, 1 young (2048K), 0 survivors (0K)
 Metaspace       used 1135K, committed 1280K, reserved 1114112K
  class space    used 119K, committed 192K, reserved 1048576K
}
Event: 0.108 GC heap after
{Heap after GC invocations=1 (full 0):
 garbage-first heap   total 8192K, used 1120K [0x0000000701600000, 0x0000000800000000)
  region size 2048K, 1 young (2048K), 1 survivors (2048K)
 Metaspace       used 1135K, committed 1280K, reserved 1114112K
  class space    used 119K, committed 192K, reserved 1048576K
}
Event: 0.186 GC heap before
{Heap before GC invocations=1 (full 0):
 garbage-first heap   total 8192K, used 3168K [0x0000000701600000, 0x0000000800000000)
  region size 2048K, 2 young (4096K), 1 survivors (2048K)
 Metaspace       used 2420K, committed 2688K, reserved 1114112K
  class space    used 258K, committed 384K, reserved 1048576K
}
Event: 0.189 GC heap after
{Heap after GC invocations=2 (full 0):
 garbage-first heap   total 8192K, used 1184K [0x0000000701600000, 0x0000000800000000)
  region size 2048K, 1 young (2048K), 1 survivors (2048K)
 Metaspace       used 2420K, committed 2688K, reserved 1114112K
  class space    used 258K, committed 384K, reserved 1048576K
}
Event: 0.302 GC heap before
{Heap before GC invocations=2 (full 0):
 garbage-first heap   total 8192K, used 3232K [0x0000000701600000, 0x0000000800000000)
  region size 2048K, 2 young (4096K), 1 survivors (2048K)
 Metaspace       used 6239K, committed 6400K, reserved 1114112K
  class space    used 706K, committed 768K, reserved 1048576K
}
Event: 0.304 GC heap after
{Heap after GC invocations=3 (full 0):
 garbage-first heap   total 8192K, used 2187K [0x0000000701600000, 0x0000000800000000)
  region size 2048K, 1 young (2048K), 1 survivors (2048K)
 Metaspace       used 6239K, committed 6400K, reserved 1114112K
  class space    used 706K, committed 768K, reserved 1048576K
}
Event: 0.371 GC heap before
{Heap before GC invocations=3 (full 0):
 garbage-first heap   total 8192K, used 4235K [0x0000000701600000, 0x0000000800000000)
  region size 2048K, 2 young (4096K), 1 survivors (2048K)
 Metaspace       used 7756K, committed 7872K, reserved 1114112K
  class space    used 862K, committed 896K, reserved 1048576K
}
Event: 0.373 GC heap after
{Heap after GC invocations=4 (full 0):
 garbage-first heap   total 8192K, used 3238K [0x0000000701600000, 0x0000000800000000)
  region size 2048K, 1 young (2048K), 1 survivors (2048K)
 Metaspace       used 7756K, committed 7872K, reserved 1114112K
  class space    used 862K, committed 896K, reserved 1048576K
}
Event: 0.420 GC heap before
{Heap before GC invocations=4 (full 0):
 garbage-first heap   total 8192K, used 5286K [0x0000000701600000, 0x0000000800000000)
  region size 2048K, 2 young (4096K), 1 survivors (2048K)
 Metaspace       used 8362K, committed 8576K, reserved 1114112K
  class space    used 933K, committed 1024K, reserved 1048576K
}
Event: 0.424 GC heap after
{Heap after GC invocations=5 (full 0):
 garbage-first heap   total 14336K, used 4083K [0x0000000701600000, 0x0000000800000000)
  region size 2048K, 1 young (2048K), 1 survivors (2048K)
 Metaspace       used 8362K, committed 8576K, reserved 1114112K
  class space    used 933K, committed 1024K, reserved 1048576K
}
Event: 0.462 GC heap before
{Heap before GC invocations=5 (full 0):
 garbage-first heap   total 14336K, used 6131K [0x0000000701600000, 0x0000000800000000)
  region size 2048K, 2 young (4096K), 1 survivors (2048K)
 Metaspace       used 8578K, committed 8768K, reserved 1114112K
  class space    used 951K, committed 1024K, reserved 1048576K
}
Event: 0.465 GC heap after
{Heap after GC invocations=6 (full 0):
 garbage-first heap   total 14336K, used 4958K [0x0000000701600000, 0x0000000800000000)
  region size 2048K, 1 young (2048K), 1 survivors (2048K)
 Metaspace       used 8578K, committed 8768K, reserved 1114112K
  class space    used 951K, committed 1024K, reserved 1048576K
}
Event: 0.479 GC heap before
{Heap before GC invocations=6 (full 0):
 garbage-first heap   total 14336K, used 7006K [0x0000000701600000, 0x0000000800000000)
  region size 2048K, 2 young (4096K), 1 survivors (2048K)
 Metaspace       used 8589K, committed 8768K, reserved 1114112K
  class space    used 951K, committed 1024K, reserved 1048576K
}
Event: 0.481 GC heap after
{Heap after GC invocations=7 (full 0):
 garbage-first heap   total 14336K, used 5875K [0x0000000701600000, 0x0000000800000000)
  region size 2048K, 1 young (2048K), 1 survivors (2048K)
 Metaspace       used 8589K, committed 8768K, reserved 1114112K
  class space    used 951K, committed 1024K, reserved 1048576K
}
Event: 0.508 GC heap before
{Heap before GC invocations=7 (full 0):
 garbage-first heap   total 14336K, used 7923K [0x0000000701600000, 0x0000000800000000)
  region size 2048K, 2 young (4096K), 1 survivors (2048K)
 Metaspace       used 8614K, committed 8768K, reserved 1114112K
  class space    used 953K, committed 1024K, reserved 1048576K
}
Event: 0.509 GC heap after
{Heap after GC invocations=8 (full 0):
 garbage-first heap   total 14336K, used 6349K [0x0000000701600000, 0x0000000800000000)
  region size 2048K, 1 young (2048K), 1 survivors (2048K)
 Metaspace       used 8614K, committed 8768K, reserved 1114112K
  class space    used 953K, committed 1024K, reserved 1048576K
}
Event: 0.553 GC heap before
{Heap before GC invocations=8 (full 0):
 garbage-first heap   total 14336K, used 8397K [0x0000000701600000, 0x0000000800000000)
  region size 2048K, 2 young (4096K), 1 survivors (2048K)
 Metaspace       used 8786K, committed 8960K, reserved 1114112K
  class space    used 972K, committed 1024K, reserved 1048576K
}

