# JRE version: OpenJDK Runtime Environment Zulu19.32+15-CA (19.0.2+7) (build 19.0.2+7)
# Java VM: OpenJDK 64-Bit Server VM Zulu19.32+15-CA (19.0.2+7, mixed mode, sharing, tiered, compressed oops, compressed class ptrs, g1 gc, windows-amd64)
GC Precious Log:
 CardTable entry size: 512
 Card Set container configuration: InlinePtr #cards 4 size 8 Array Of Cards #cards 16 size 48 Howl #buckets 8 coarsen threshold 3686 Howl Bitmap #cards 512 size 80 coarsen threshold 460 Card regions per heap region 1 cards per card region 4096
 CPUs: 12 total, 12 available
 Memory: 16291M
 Large Page Support: Disabled
 NUMA Support: Disabled
 Compressed Oops: Enabled (Zero based)
 Heap Region Size: 2M
 Heap Min Capacity: 8M
 Heap Initial Capacity: 256M
 Heap Max Capacity: 4074M
 Pre-touch: Disabled
 Parallel Workers: 10
 Concurrent Workers: 3
 Concurrent Refinement Workers: 10
 Periodic GC: Disabled
Heap:
 garbage-first heap   total 925696K, used 8033K [0x0000000701600000, 0x0000000800000000)
  region size 2048K, 2 young (4096K), 2 survivors (4096K)
 Metaspace       used 13686K, committed 13952K, reserved 1114112K
  class space    used 1930K, committed 2048K, reserved 1048576K
GC Heap History (20 events):
Event: 0.433 GC heap after
{Heap after GC invocations=6 (full 0):
 garbage-first heap   total 524288K, used 3767K [0x0000000701600000, 0x0000000800000000)
  region size 2048K, 2 young (4096K), 2 survivors (4096K)
 Metaspace       used 6673K, committed 6848K, reserved 1114112K
  class space    used 888K, committed 960K, reserved 1048576K
}
Event: 0.773 GC heap before
{Heap before GC invocations=6 (full 0):
 garbage-first heap   total 524288K, used 313015K [0x0000000701600000, 0x0000000800000000)
  region size 2048K, 153 young (313344K), 2 survivors (4096K)
 Metaspace       used 12468K, committed 12736K, reserved 1114112K
  class space    used 1784K, committed 1920K, reserved 1048576K
}
Event: 0.775 GC heap after
{Heap after GC invocations=7 (full 0):
 garbage-first heap   total 524288K, used 5392K [0x0000000701600000, 0x0000000800000000)
  region size 2048K, 3 young (6144K), 3 survivors (6144K)
 Metaspace       used 12468K, committed 12736K, reserved 1114112K
  class space    used 1784K, committed 1920K, reserved 1048576K
}
Event: 0.817 GC heap before
{Heap before GC invocations=7 (full 0):
 garbage-first heap   total 524288K, used 310544K [0x0000000701600000, 0x0000000800000000)
  region size 2048K, 153 young (313344K), 3 survivors (6144K)
 Metaspace       used 12931K, committed 13184K, reserved 1114112K
  class space    used 1839K, committed 1984K, reserved 1048576K
}
Event: 0.819 GC heap after
{Heap after GC invocations=8 (full 0):
 garbage-first heap   total 524288K, used 5626K [0x0000000701600000, 0x0000000800000000)
  region size 2048K, 3 young (6144K), 3 survivors (6144K)
 Metaspace       used 12931K, committed 13184K, reserved 1114112K
  class space    used 1839K, committed 1984K, reserved 1048576K
}
Event: 0.862 GC heap before
{Heap before GC invocations=8 (full 0):
 garbage-first heap   total 524288K, used 314874K [0x0000000701600000, 0x0000000800000000)
  region size 2048K, 153 young (313344K), 3 survivors (6144K)
 Metaspace       used 13508K, committed 13824K, reserved 1114112K
  class space    used 1909K, committed 2048K, reserved 1048576K
}
Event: 0.865 GC heap after
{Heap after GC invocations=9 (full 0):
 garbage-first heap   total 524288K, used 7967K [0x0000000701600000, 0x0000000800000000)
  region size 2048K, 3 young (6144K), 3 survivors (6144K)
 Metaspace       used 13508K, committed 13824K, reserved 1114112K
  class space    used 1909K, committed 2048K, reserved 1048576K
}
Event: 0.896 GC heap before
{Heap before GC invocations=9 (full 0):
 garbage-first heap   total 524288K, used 315167K [0x0000000701600000, 0x0000000800000000)
  region size 2048K, 153 young (313344K), 3 survivors (6144K)
 Metaspace       used 13685K, committed 13952K, reserved 1114112K
  class space    used 1930K, committed 2048K, reserved 1048576K
}
Event: 0.898 GC heap after
{Heap after GC invocations=10 (full 0):
 garbage-first heap   total 524288K, used 8024K [0x0000000701600000, 0x0000000800000000)
  region size 2048K, 3 young (6144K), 3 survivors (6144K)
 Metaspace       used 13685K, committed 13952K, reserved 1114112K
  class space    used 1930K, committed 2048K, reserved 1048576K
}
Event: 0.924 GC heap before
{Heap before GC invocations=10 (full 0):
 garbage-first heap   total 524288K, used 315224K [0x0000000701600000, 0x0000000800000000)
  region size 2048K, 153 young (313344K), 3 survivors (6144K)
 Metaspace       used 13686K, committed 13952K, reserved 1114112K
  class space    used 1930K, committed 2048K, reserved 1048576K
}
Event: 0.933 GC heap after
{Heap after GC invocations=11 (full 0):
 garbage-first heap   total 925696K, used 8285K [0x0000000701600000, 0x0000000800000000)
  region size 2048K, 4 young (8192K), 4 survivors (8192K)
 Metaspace       used 13686K, committed 13952K, reserved 1114112K
  class space    used 1930K, committed 2048K, reserved 1048576K
}
Event: 1.318 GC heap before
{Heap before GC invocations=11 (full 0):
 garbage-first heap   total 925696K, used 555101K [0x0000000701600000, 0x0000000800000000)
  region size 2048K, 271 young (555008K), 4 survivors (8192K)
 Metaspace       used 13686K, committed 13952K, reserved 1114112K
  class space    used 1930K, committed 2048K, reserved 1048576K
}
Event: 1.321 GC heap after
{Heap after GC invocations=12 (full 0):
 garbage-first heap   total 925696K, used 7926K [0x0000000701600000, 0x0000000800000000)
  region size 2048K, 3 young (6144K), 3 survivors (6144K)
 Metaspace       used 13686K, committed 13952K, reserved 1114112K
  class space    used 1930K, committed 2048K, reserved 1048576K
}
Event: 1.373 GC heap before
{Heap before GC invocations=12 (full 0):
 garbage-first heap   total 925696K, used 556790K [0x0000000701600000, 0x0000000800000000)
  region size 2048K, 271 young (555008K), 3 survivors (6144K)
 Metaspace       used 13686K, committed 13952K, reserved 1114112K
  class space    used 1930K, committed 2048K, reserved 1048576K
}
Event: 1.376 GC heap after
{Heap after GC invocations=13 (full 0):
 garbage-first heap   total 925696K, used 7988K [0x0000000701600000, 0x0000000800000000)
  region size 2048K, 3 young (6144K), 3 survivors (6144K)
 Metaspace       used 13686K, committed 13952K, reserved 1114112K
  class space    used 1930K, committed 2048K, reserved 1048576K
}
Event: 1.423 GC heap before
{Heap before GC invocations=13 (full 0):
 garbage-first heap   total 925696K, used 556852K [0x0000000701600000, 0x0000000800000000)
  region size 2048K, 271 young (555008K), 3 survivors (6144K)
 Metaspace       used 13686K, committed 13952K, reserved 1114112K
  class space    used 1930K, committed 2048K, reserved 1048576K
}
Event: 1.426 GC heap after
{Heap after GC invocations=14 (full 0):
 garbage-first heap   total 925696K, used 8128K [0x0000000701600000, 0x0000000800000000)
  region size 2048K, 3 young (6144K), 3 survivors (6144K)
 Metaspace       used 13686K, committed 13952K, reserved 1114112K
  class space    used 1930K, committed 2048K, reserved 1048576K
}
Event: 1.472 GC heap before
{Heap before GC invocations=14 (full 0):
 garbage-first heap   total 925696K, used 556992K [0x0000000701600000, 0x0000000800000000)
  region size 2048K, 271 young (555008K), 3 survivors (6144K)
 Metaspace       used 13686K, committed 13952K, reserved 1114112K
  class space    used 1930K, committed 2048K, reserved 1048576K
}
Event: 1.474 GC heap after
{Heap after GC invocations=15 (full 0):
 garbage-first heap   total 925696K, used 8158K [0x0000000701600000, 0x0000000800000000)
  region size 2048K, 3 young (6144K), 3 survivors (6144K)
 Metaspace       used 13686K, committed 13952K, reserved 1114112K
  class space    used 1930K, committed 2048K, reserved 1048576K
}
Event: 1.521 GC heap before
{Heap before GC invocations=15 (full 0):
 garbage-first heap   total 925696K, used 557022K [0x0000000701600000, 0x0000000800000000)
  region size 2048K, 271 young (555008K), 3 survivors (6144K)
 Metaspace       used 13686K, committed 13952K, reserved 1114112K
  class space    used 1930K, committed 2048K, reserved 1048576K
}

