# JRE version: OpenJDK Runtime Environment Zulu19.32+15-CA (19.0.2+7) (build 19.0.2+7)
# Java VM: OpenJDK 64-Bit Server VM Zulu19.32+15-CA (19.0.2+7, mixed mode, sharing, tiered, compressed oops, compressed class ptrs, g1 gc, windows-amd64)
GC Precious Log:
 CardTable entry size: 512
 Card Set container configuration: InlinePtr #cards 4 size 8 Array Of Cards #cards 16 size 48 Howl #buckets 8 coarsen threshold 3686 Howl Bitmap #cards 512 size 80 coarsen threshold 460 Card regions per heap region 1 cards per card region 4096
 CPUs: 12 total, 12 available
 Memory: 16291M
 Large Page Support: Disabled
 NUMA Support: Disabled
 Compressed Oops: Enabled (Zero based)
 Heap Region Size: 2M
 Heap Min Capacity: 8M
 Heap Initial Capacity: 8M
 Heap Max Capacity: 4074M
 Pre-touch: Disabled
 Parallel Workers: 10
 Concurrent Workers: 3
 Concurrent Refinement Workers: 10
 Periodic GC: Disabled
Heap:
 garbage-first heap   total 47104K, used 19994K [0x0000000701600000, 0x0000000800000000)
  region size 2048K, 1 young (2048K), 1 survivors (2048K)
 Metaspace       used 12234K, committed 12480K, reserved 1114112K
  class space    used 1292K, committed 1408K, reserved 1048576K
GC Heap History (20 events):
Event: 0.420 GC heap after
{Heap after GC invocations=7 (full 0):
 garbage-first heap   total 14336K, used 5115K [0x0000000701600000, 0x0000000800000000)
  region size 2048K, 1 young (2048K), 1 survivors (2048K)
 Metaspace       used 8388K, committed 8576K, reserved 1114112K
  class space    used 902K, committed 1024K, reserved 1048576K
}
Event: 0.462 GC heap before
{Heap before GC invocations=7 (full 0):
 garbage-first heap   total 14336K, used 7163K [0x0000000701600000, 0x0000000800000000)
  region size 2048K, 2 young (4096K), 1 survivors (2048K)
 Metaspace       used 8914K, committed 9088K, reserved 1114112K
  class space    used 965K, committed 1024K, reserved 1048576K
}
Event: 0.465 GC heap after
{Heap after GC invocations=8 (full 0):
 garbage-first heap   total 14336K, used 6248K [0x0000000701600000, 0x0000000800000000)
  region size 2048K, 1 young (2048K), 1 survivors (2048K)
 Metaspace       used 8914K, committed 9088K, reserved 1114112K
  class space    used 965K, committed 1024K, reserved 1048576K
}
Event: 0.481 GC heap before
{Heap before GC invocations=8 (full 0):
 garbage-first heap   total 14336K, used 8296K [0x0000000701600000, 0x0000000800000000)
  region size 2048K, 2 young (4096K), 1 survivors (2048K)
 Metaspace       used 8934K, committed 9088K, reserved 1114112K
  class space    used 965K, committed 1024K, reserved 1048576K
}
Event: 0.483 GC heap after
{Heap after GC invocations=9 (full 0):
 garbage-first heap   total 24576K, used 7231K [0x0000000701600000, 0x0000000800000000)
  region size 2048K, 1 young (2048K), 1 survivors (2048K)
 Metaspace       used 8934K, committed 9088K, reserved 1114112K
  class space    used 965K, committed 1024K, reserved 1048576K
}
Event: 0.495 GC heap before
{Heap before GC invocations=9 (full 0):
 garbage-first heap   total 24576K, used 9279K [0x0000000701600000, 0x0000000800000000)
  region size 2048K, 2 young (4096K), 1 survivors (2048K)
 Metaspace       used 8942K, committed 9088K, reserved 1114112K
  class space    used 965K, committed 1024K, reserved 1048576K
}
Event: 0.496 GC heap after
{Heap after GC invocations=10 (full 0):
 garbage-first heap   total 24576K, used 7349K [0x0000000701600000, 0x0000000800000000)
  region size 2048K, 1 young (2048K), 1 survivors (2048K)
 Metaspace       used 8942K, committed 9088K, reserved 1114112K
  class space    used 965K, committed 1024K, reserved 1048576K
}
Event: 0.542 GC heap before
{Heap before GC invocations=10 (full 0):
 garbage-first heap   total 24576K, used 11445K [0x0000000701600000, 0x0000000800000000)
  region size 2048K, 3 young (6144K), 1 survivors (2048K)
 Metaspace       used 9181K, committed 9280K, reserved 1114112K
  class space    used 989K, committed 1024K, reserved 1048576K
}
Event: 0.544 GC heap after
{Heap after GC invocations=11 (full 0):
 garbage-first heap   total 24576K, used 8006K [0x0000000701600000, 0x0000000800000000)
  region size 2048K, 1 young (2048K), 1 survivors (2048K)
 Metaspace       used 9181K, committed 9280K, reserved 1114112K
  class space    used 989K, committed 1024K, reserved 1048576K
}
Event: 0.581 GC heap before
{Heap before GC invocations=11 (full 0):
 garbage-first heap   total 24576K, used 12102K [0x0000000701600000, 0x0000000800000000)
  region size 2048K, 3 young (6144K), 1 survivors (2048K)
 Metaspace       used 9396K, committed 9536K, reserved 1114112K
  class space    used 1012K, committed 1088K, reserved 1048576K
}
Event: 0.583 GC heap after
{Heap after GC invocations=12 (full 0):
 garbage-first heap   total 24576K, used 8646K [0x0000000701600000, 0x0000000800000000)
  region size 2048K, 1 young (2048K), 1 survivors (2048K)
 Metaspace       used 9396K, committed 9536K, reserved 1114112K
  class space    used 1012K, committed 1088K, reserved 1048576K
}
Event: 0.590 GC heap before
{Heap before GC invocations=12 (full 0):
 garbage-first heap   total 24576K, used 12742K [0x0000000701600000, 0x0000000800000000)
  region size 2048K, 3 young (6144K), 1 survivors (2048K)
 Metaspace       used 9401K, committed 9536K, reserved 1114112K
  class space    used 1012K, committed 1088K, reserved 1048576K
}
Event: 0.592 GC heap after
{Heap after GC invocations=13 (full 0):
 garbage-first heap   total 47104K, used 9044K [0x0000000701600000, 0x0000000800000000)
  region size 2048K, 1 young (2048K), 1 survivors (2048K)
 Metaspace       used 9401K, committed 9536K, reserved 1114112K
  class space    used 1012K, committed 1088K, reserved 1048576K
}
Event: 0.664 GC heap before
{Heap before GC invocations=13 (full 0):
 garbage-first heap   total 47104K, used 27476K [0x0000000701600000, 0x0000000800000000)
  region size 2048K, 10 young (20480K), 1 survivors (2048K)
 Metaspace       used 9616K, committed 9792K, reserved 1114112K
  class space    used 1030K, committed 1088K, reserved 1048576K
}
Event: 0.669 GC heap after
{Heap after GC invocations=14 (full 0):
 garbage-first heap   total 47104K, used 12400K [0x0000000701600000, 0x0000000800000000)
  region size 2048K, 2 young (4096K), 2 survivors (4096K)
 Metaspace       used 9616K, committed 9792K, reserved 1114112K
  class space    used 1030K, committed 1088K, reserved 1048576K
}
Event: 0.719 GC heap before
{Heap before GC invocations=14 (full 0):
 garbage-first heap   total 47104K, used 24688K [0x0000000701600000, 0x0000000800000000)
  region size 2048K, 8 young (16384K), 2 survivors (4096K)
 Metaspace       used 9746K, committed 9920K, reserved 1114112K
  class space    used 1031K, committed 1088K, reserved 1048576K
}
Event: 0.726 GC heap after
{Heap after GC invocations=15 (full 0):
 garbage-first heap   total 47104K, used 14496K [0x0000000701600000, 0x0000000800000000)
  region size 2048K, 1 young (2048K), 1 survivors (2048K)
 Metaspace       used 9746K, committed 9920K, reserved 1114112K
  class space    used 1031K, committed 1088K, reserved 1048576K
}
Event: 0.985 GC heap before
{Heap before GC invocations=15 (full 0):
 garbage-first heap   total 47104K, used 28832K [0x0000000701600000, 0x0000000800000000)
  region size 2048K, 7 young (14336K), 1 survivors (2048K)
 Metaspace       used 11597K, committed 11840K, reserved 1114112K
  class space    used 1245K, committed 1408K, reserved 1048576K
}
Event: 0.992 GC heap after
{Heap after GC invocations=16 (full 0):
 garbage-first heap   total 47104K, used 18929K [0x0000000701600000, 0x0000000800000000)
  region size 2048K, 1 young (2048K), 1 survivors (2048K)
 Metaspace       used 11597K, committed 11840K, reserved 1114112K
  class space    used 1245K, committed 1408K, reserved 1048576K
}
Event: 1.153 GC heap before
{Heap before GC invocations=16 (full 0):
 garbage-first heap   total 47104K, used 31217K [0x0000000701600000, 0x0000000800000000)
  region size 2048K, 7 young (14336K), 1 survivors (2048K)
 Metaspace       used 12234K, committed 12480K, reserved 1114112K
  class space    used 1292K, committed 1408K, reserved 1048576K
}

