# JRE version: OpenJDK Runtime Environment Zulu19.32+15-CA (19.0.2+7) (build 19.0.2+7)
# Java VM: OpenJDK 64-Bit Server VM Zulu19.32+15-CA (19.0.2+7, mixed mode, sharing, tiered, compressed oops, compressed class ptrs, g1 gc, windows-amd64)
GC Precious Log:
 CardTable entry size: 512
 Card Set container configuration: InlinePtr #cards 4 size 8 Array Of Cards #cards 16 size 48 Howl #buckets 8 coarsen threshold 3686 Howl Bitmap #cards 512 size 80 coarsen threshold 460 Card regions per heap region 1 cards per card region 4096
 CPUs: 12 total, 12 available
 Memory: 16291M
 Large Page Support: Disabled
 NUMA Support: Disabled
 Compressed Oops: Enabled (Zero based)
 Heap Region Size: 2M
 Heap Min Capacity: 8M
 Heap Initial Capacity: 8M
 Heap Max Capacity: 4074M
 Pre-touch: Disabled
 Parallel Workers: 10
 Concurrent Workers: 3
 Concurrent Refinement Workers: 10
 Periodic GC: Disabled
Heap:
 garbage-first heap   total 49152K, used 20505K [0x0000000701600000, 0x0000000800000000)
  region size 2048K, 1 young (2048K), 1 survivors (2048K)
 Metaspace       used 12449K, committed 12800K, reserved 1114112K
  class space    used 1298K, committed 1472K, reserved 1048576K
GC Heap History (20 events):
Event: 0.417 GC heap after
{Heap after GC invocations=7 (full 0):
 garbage-first heap   total 14336K, used 5088K [0x0000000701600000, 0x0000000800000000)
  region size 2048K, 1 young (2048K), 1 survivors (2048K)
 Metaspace       used 8547K, committed 8704K, reserved 1114112K
  class space    used 927K, committed 1024K, reserved 1048576K
}
Event: 0.454 GC heap before
{Heap before GC invocations=7 (full 0):
 garbage-first heap   total 14336K, used 7136K [0x0000000701600000, 0x0000000800000000)
  region size 2048K, 2 young (4096K), 1 survivors (2048K)
 Metaspace       used 8910K, committed 9024K, reserved 1114112K
  class space    used 965K, committed 1024K, reserved 1048576K
}
Event: 0.456 GC heap after
{Heap after GC invocations=8 (full 0):
 garbage-first heap   total 14336K, used 6162K [0x0000000701600000, 0x0000000800000000)
  region size 2048K, 1 young (2048K), 1 survivors (2048K)
 Metaspace       used 8910K, committed 9024K, reserved 1114112K
  class space    used 965K, committed 1024K, reserved 1048576K
}
Event: 0.468 GC heap before
{Heap before GC invocations=8 (full 0):
 garbage-first heap   total 14336K, used 8210K [0x0000000701600000, 0x0000000800000000)
  region size 2048K, 2 young (4096K), 1 survivors (2048K)
 Metaspace       used 8925K, committed 9088K, reserved 1114112K
  class space    used 965K, committed 1024K, reserved 1048576K
}
Event: 0.470 GC heap after
{Heap after GC invocations=9 (full 0):
 garbage-first heap   total 24576K, used 7032K [0x0000000701600000, 0x0000000800000000)
  region size 2048K, 1 young (2048K), 1 survivors (2048K)
 Metaspace       used 8925K, committed 9088K, reserved 1114112K
  class space    used 965K, committed 1024K, reserved 1048576K
}
Event: 0.517 GC heap before
{Heap before GC invocations=9 (full 0):
 garbage-first heap   total 24576K, used 11128K [0x0000000701600000, 0x0000000800000000)
  region size 2048K, 3 young (6144K), 1 survivors (2048K)
 Metaspace       used 9146K, committed 9280K, reserved 1114112K
  class space    used 991K, committed 1024K, reserved 1048576K
}
Event: 0.519 GC heap after
{Heap after GC invocations=10 (full 0):
 garbage-first heap   total 24576K, used 7789K [0x0000000701600000, 0x0000000800000000)
  region size 2048K, 1 young (2048K), 1 survivors (2048K)
 Metaspace       used 9146K, committed 9280K, reserved 1114112K
  class space    used 991K, committed 1024K, reserved 1048576K
}
Event: 0.565 GC heap before
{Heap before GC invocations=10 (full 0):
 garbage-first heap   total 24576K, used 13933K [0x0000000701600000, 0x0000000800000000)
  region size 2048K, 4 young (8192K), 1 survivors (2048K)
 Metaspace       used 9412K, committed 9536K, reserved 1114112K
  class space    used 1014K, committed 1088K, reserved 1048576K
}
Event: 0.568 GC heap after
{Heap after GC invocations=11 (full 0):
 garbage-first heap   total 24576K, used 8704K [0x0000000701600000, 0x0000000800000000)
  region size 2048K, 1 young (2048K), 1 survivors (2048K)
 Metaspace       used 9412K, committed 9536K, reserved 1114112K
  class space    used 1014K, committed 1088K, reserved 1048576K
}
Event: 0.580 GC heap before
{Heap before GC invocations=11 (full 0):
 garbage-first heap   total 24576K, used 12800K [0x0000000701600000, 0x0000000800000000)
  region size 2048K, 3 young (6144K), 1 survivors (2048K)
 Metaspace       used 9435K, committed 9600K, reserved 1114112K
  class space    used 1014K, committed 1088K, reserved 1048576K
}
Event: 0.582 GC heap after
{Heap after GC invocations=12 (full 0):
 garbage-first heap   total 24576K, used 9394K [0x0000000701600000, 0x0000000800000000)
  region size 2048K, 1 young (2048K), 1 survivors (2048K)
 Metaspace       used 9435K, committed 9600K, reserved 1114112K
  class space    used 1014K, committed 1088K, reserved 1048576K
}
Event: 0.589 GC heap before
{Heap before GC invocations=12 (full 0):
 garbage-first heap   total 24576K, used 13490K [0x0000000701600000, 0x0000000800000000)
  region size 2048K, 3 young (6144K), 1 survivors (2048K)
 Metaspace       used 9436K, committed 9664K, reserved 1114112K
  class space    used 1014K, committed 1088K, reserved 1048576K
}
Event: 0.593 GC heap after
{Heap after GC invocations=13 (full 0):
 garbage-first heap   total 49152K, used 10106K [0x0000000701600000, 0x0000000800000000)
  region size 2048K, 1 young (2048K), 1 survivors (2048K)
 Metaspace       used 9436K, committed 9664K, reserved 1114112K
  class space    used 1014K, committed 1088K, reserved 1048576K
}
Event: 0.679 GC heap before
{Heap before GC invocations=13 (full 0):
 garbage-first heap   total 49152K, used 28538K [0x0000000701600000, 0x0000000800000000)
  region size 2048K, 11 young (22528K), 1 survivors (2048K)
 Metaspace       used 9685K, committed 9856K, reserved 1114112K
  class space    used 1029K, committed 1088K, reserved 1048576K
}
Event: 0.685 GC heap after
{Heap after GC invocations=14 (full 0):
 garbage-first heap   total 49152K, used 13703K [0x0000000701600000, 0x0000000800000000)
  region size 2048K, 2 young (4096K), 2 survivors (4096K)
 Metaspace       used 9685K, committed 9856K, reserved 1114112K
  class space    used 1029K, committed 1088K, reserved 1048576K
}
Event: 0.855 GC heap before
{Heap before GC invocations=14 (full 0):
 garbage-first heap   total 49152K, used 28039K [0x0000000701600000, 0x0000000800000000)
  region size 2048K, 9 young (18432K), 2 survivors (4096K)
 Metaspace       used 10791K, committed 10944K, reserved 1114112K
  class space    used 1166K, committed 1216K, reserved 1048576K
}
Event: 0.862 GC heap after
{Heap after GC invocations=15 (full 0):
 garbage-first heap   total 49152K, used 16100K [0x0000000701600000, 0x0000000800000000)
  region size 2048K, 2 young (4096K), 2 survivors (4096K)
 Metaspace       used 10791K, committed 10944K, reserved 1114112K
  class space    used 1166K, committed 1216K, reserved 1048576K
}
Event: 1.067 GC heap before
{Heap before GC invocations=15 (full 0):
 garbage-first heap   total 49152K, used 32484K [0x0000000701600000, 0x0000000800000000)
  region size 2048K, 9 young (18432K), 2 survivors (4096K)
 Metaspace       used 12142K, committed 12352K, reserved 1114112K
  class space    used 1290K, committed 1408K, reserved 1048576K
}
Event: 1.072 GC heap after
{Heap after GC invocations=16 (full 0):
 garbage-first heap   total 49152K, used 19786K [0x0000000701600000, 0x0000000800000000)
  region size 2048K, 1 young (2048K), 1 survivors (2048K)
 Metaspace       used 12142K, committed 12352K, reserved 1114112K
  class space    used 1290K, committed 1408K, reserved 1048576K
}
Event: 1.229 GC heap before
{Heap before GC invocations=16 (full 0):
 garbage-first heap   total 49152K, used 34122K [0x0000000701600000, 0x0000000800000000)
  region size 2048K, 8 young (16384K), 1 survivors (2048K)
 Metaspace       used 12449K, committed 12800K, reserved 1114112K
  class space    used 1298K, committed 1472K, reserved 1048576K
}

