# JRE version: OpenJDK Runtime Environment Zulu19.32+15-CA (19.0.2+7) (build 19.0.2+7)
# Java VM: OpenJDK 64-Bit Server VM Zulu19.32+15-CA (19.0.2+7, mixed mode, sharing, tiered, compressed oops, compressed class ptrs, g1 gc, windows-amd64)
GC Precious Log:
 CardTable entry size: 512
 Card Set container configuration: InlinePtr #cards 4 size 8 Array Of Cards #cards 16 size 48 Howl #buckets 8 coarsen threshold 3686 Howl Bitmap #cards 512 size 80 coarsen threshold 460 Card regions per heap region 1 cards per card region 4096
 CPUs: 12 total, 12 available
 Memory: 16291M
 Large Page Support: Disabled
 NUMA Support: Disabled
 Compressed Oops: Enabled (Zero based)
 Heap Region Size: 2M
 Heap Min Capacity: 8M
 Heap Initial Capacity: 8M
 Heap Max Capacity: 4074M
 Pre-touch: Disabled
 Parallel Workers: 10
 Concurrent Workers: 3
 Concurrent Refinement Workers: 10
 Periodic GC: Disabled
Heap:
 garbage-first heap   total 40960K, used 19439K [0x0000000701600000, 0x0000000800000000)
  region size 2048K, 1 young (2048K), 1 survivors (2048K)
 Metaspace       used 11793K, committed 12096K, reserved 1114112K
  class space    used 1255K, committed 1408K, reserved 1048576K
GC Heap History (20 events):
Event: 0.423 GC heap after
{Heap after GC invocations=7 (full 0):
 garbage-first heap   total 12288K, used 5156K [0x0000000701600000, 0x0000000800000000)
  region size 2048K, 1 young (2048K), 1 survivors (2048K)
 Metaspace       used 8382K, committed 8576K, reserved 1114112K
  class space    used 902K, committed 1024K, reserved 1048576K
}
Event: 0.466 GC heap before
{Heap before GC invocations=7 (full 0):
 garbage-first heap   total 12288K, used 7204K [0x0000000701600000, 0x0000000800000000)
  region size 2048K, 2 young (4096K), 1 survivors (2048K)
 Metaspace       used 8905K, committed 9088K, reserved 1114112K
  class space    used 965K, committed 1024K, reserved 1048576K
}
Event: 0.469 GC heap after
{Heap after GC invocations=8 (full 0):
 garbage-first heap   total 12288K, used 6372K [0x0000000701600000, 0x0000000800000000)
  region size 2048K, 1 young (2048K), 1 survivors (2048K)
 Metaspace       used 8905K, committed 9088K, reserved 1114112K
  class space    used 965K, committed 1024K, reserved 1048576K
}
Event: 0.483 GC heap before
{Heap before GC invocations=8 (full 0):
 garbage-first heap   total 12288K, used 8420K [0x0000000701600000, 0x0000000800000000)
  region size 2048K, 2 young (4096K), 1 survivors (2048K)
 Metaspace       used 8925K, committed 9088K, reserved 1114112K
  class space    used 965K, committed 1024K, reserved 1048576K
}
Event: 0.485 GC heap after
{Heap after GC invocations=9 (full 0):
 garbage-first heap   total 24576K, used 7300K [0x0000000701600000, 0x0000000800000000)
  region size 2048K, 1 young (2048K), 1 survivors (2048K)
 Metaspace       used 8925K, committed 9088K, reserved 1114112K
  class space    used 965K, committed 1024K, reserved 1048576K
}
Event: 0.503 GC heap before
{Heap before GC invocations=10 (full 0):
 garbage-first heap   total 24576K, used 9348K [0x0000000701600000, 0x0000000800000000)
  region size 2048K, 2 young (4096K), 1 survivors (2048K)
 Metaspace       used 8929K, committed 9088K, reserved 1114112K
  class space    used 965K, committed 1024K, reserved 1048576K
}
Event: 0.505 GC heap after
{Heap after GC invocations=11 (full 0):
 garbage-first heap   total 24576K, used 7390K [0x0000000701600000, 0x0000000800000000)
  region size 2048K, 1 young (2048K), 1 survivors (2048K)
 Metaspace       used 8929K, committed 9088K, reserved 1114112K
  class space    used 965K, committed 1024K, reserved 1048576K
}
Event: 0.551 GC heap before
{Heap before GC invocations=11 (full 0):
 garbage-first heap   total 24576K, used 11486K [0x0000000701600000, 0x0000000800000000)
  region size 2048K, 3 young (6144K), 1 survivors (2048K)
 Metaspace       used 9149K, committed 9280K, reserved 1114112K
  class space    used 989K, committed 1024K, reserved 1048576K
}
Event: 0.553 GC heap after
{Heap after GC invocations=12 (full 0):
 garbage-first heap   total 24576K, used 8007K [0x0000000701600000, 0x0000000800000000)
  region size 2048K, 1 young (2048K), 1 survivors (2048K)
 Metaspace       used 9149K, committed 9280K, reserved 1114112K
  class space    used 989K, committed 1024K, reserved 1048576K
}
Event: 0.587 GC heap before
{Heap before GC invocations=12 (full 0):
 garbage-first heap   total 24576K, used 12103K [0x0000000701600000, 0x0000000800000000)
  region size 2048K, 3 young (6144K), 1 survivors (2048K)
 Metaspace       used 9364K, committed 9536K, reserved 1114112K
  class space    used 1012K, committed 1088K, reserved 1048576K
}
Event: 0.589 GC heap after
{Heap after GC invocations=13 (full 0):
 garbage-first heap   total 24576K, used 8664K [0x0000000701600000, 0x0000000800000000)
  region size 2048K, 1 young (2048K), 1 survivors (2048K)
 Metaspace       used 9364K, committed 9536K, reserved 1114112K
  class space    used 1012K, committed 1088K, reserved 1048576K
}
Event: 0.596 GC heap before
{Heap before GC invocations=13 (full 0):
 garbage-first heap   total 24576K, used 12760K [0x0000000701600000, 0x0000000800000000)
  region size 2048K, 3 young (6144K), 1 survivors (2048K)
 Metaspace       used 9366K, committed 9536K, reserved 1114112K
  class space    used 1012K, committed 1088K, reserved 1048576K
}
Event: 0.598 GC heap after
{Heap after GC invocations=14 (full 0):
 garbage-first heap   total 40960K, used 9119K [0x0000000701600000, 0x0000000800000000)
  region size 2048K, 1 young (2048K), 1 survivors (2048K)
 Metaspace       used 9366K, committed 9536K, reserved 1114112K
  class space    used 1012K, committed 1088K, reserved 1048576K
}
Event: 0.663 GC heap before
{Heap before GC invocations=14 (full 0):
 garbage-first heap   total 40960K, used 25503K [0x0000000701600000, 0x0000000800000000)
  region size 2048K, 9 young (18432K), 1 survivors (2048K)
 Metaspace       used 9609K, committed 9792K, reserved 1114112K
  class space    used 1030K, committed 1088K, reserved 1048576K
}
Event: 0.669 GC heap after
{Heap after GC invocations=15 (full 0):
 garbage-first heap   total 40960K, used 12247K [0x0000000701600000, 0x0000000800000000)
  region size 2048K, 2 young (4096K), 2 survivors (4096K)
 Metaspace       used 9609K, committed 9792K, reserved 1114112K
  class space    used 1030K, committed 1088K, reserved 1048576K
}
Event: 0.713 GC heap before
{Heap before GC invocations=15 (full 0):
 garbage-first heap   total 40960K, used 24535K [0x0000000701600000, 0x0000000800000000)
  region size 2048K, 8 young (16384K), 2 survivors (4096K)
 Metaspace       used 9690K, committed 9856K, reserved 1114112K
  class space    used 1031K, committed 1088K, reserved 1048576K
}
Event: 0.720 GC heap after
{Heap after GC invocations=16 (full 0):
 garbage-first heap   total 40960K, used 14322K [0x0000000701600000, 0x0000000800000000)
  region size 2048K, 1 young (2048K), 1 survivors (2048K)
 Metaspace       used 9690K, committed 9856K, reserved 1114112K
  class space    used 1031K, committed 1088K, reserved 1048576K
}
Event: 0.930 GC heap before
{Heap before GC invocations=16 (full 0):
 garbage-first heap   total 40960K, used 28658K [0x0000000701600000, 0x0000000800000000)
  region size 2048K, 7 young (14336K), 1 survivors (2048K)
 Metaspace       used 11405K, committed 11648K, reserved 1114112K
  class space    used 1238K, committed 1344K, reserved 1048576K
}
Event: 0.937 GC heap after
{Heap after GC invocations=17 (full 0):
 garbage-first heap   total 40960K, used 18691K [0x0000000701600000, 0x0000000800000000)
  region size 2048K, 1 young (2048K), 1 survivors (2048K)
 Metaspace       used 11405K, committed 11648K, reserved 1114112K
  class space    used 1238K, committed 1344K, reserved 1048576K
}
Event: 1.055 GC heap before
{Heap before GC invocations=17 (full 0):
 garbage-first heap   total 40960K, used 26883K [0x0000000701600000, 0x0000000800000000)
  region size 2048K, 5 young (10240K), 1 survivors (2048K)
 Metaspace       used 11793K, committed 12096K, reserved 1114112K
  class space    used 1255K, committed 1408K, reserved 1048576K
}

