# JRE version: OpenJDK Runtime Environment Zulu19.32+15-CA (19.0.2+7) (build 19.0.2+7)
# Java VM: OpenJDK 64-Bit Server VM Zulu19.32+15-CA (19.0.2+7, mixed mode, sharing, tiered, compressed oops, compressed class ptrs, g1 gc, windows-amd64)
GC Precious Log:
 CardTable entry size: 512
 Card Set container configuration: InlinePtr #cards 4 size 8 Array Of Cards #cards 16 size 48 Howl #buckets 8 coarsen threshold 3686 Howl Bitmap #cards 512 size 80 coarsen threshold 460 Card regions per heap region 1 cards per card region 4096
 CPUs: 12 total, 12 available
 Memory: 16291M
 Large Page Support: Disabled
 NUMA Support: Disabled
 Compressed Oops: Enabled (Zero based)
 Heap Region Size: 2M
 Heap Min Capacity: 8M
 Heap Initial Capacity: 256M
 Heap Max Capacity: 4074M
 Pre-touch: Disabled
 Parallel Workers: 10
 Concurrent Workers: 3
 Concurrent Refinement Workers: 10
 Periodic GC: Disabled
Heap:
 garbage-first heap   total 960512K, used 9144K [0x0000000701600000, 0x0000000800000000)
  region size 2048K, 4 young (8192K), 4 survivors (8192K)
 Metaspace       used 13734K, committed 14016K, reserved 1114112K
  class space    used 1933K, committed 2048K, reserved 1048576K
GC Heap History (20 events):
Event: 0.478 GC heap after
{Heap after GC invocations=5 (full 0):
 garbage-first heap   total 262144K, used 4440K [0x0000000701600000, 0x0000000800000000)
  region size 2048K, 3 young (6144K), 3 survivors (6144K)
 Metaspace       used 6590K, committed 6784K, reserved 1114112K
  class space    used 880K, committed 960K, reserved 1048576K
}
Event: 0.493 GC heap before
{Heap before GC invocations=5 (full 0):
 garbage-first heap   total 262144K, used 153944K [0x0000000701600000, 0x0000000800000000)
  region size 2048K, 76 young (155648K), 3 survivors (6144K)
 Metaspace       used 6659K, committed 6848K, reserved 1114112K
  class space    used 887K, committed 960K, reserved 1048576K
}
Event: 0.496 GC heap after
{Heap after GC invocations=6 (full 0):
 garbage-first heap   total 524288K, used 4482K [0x0000000701600000, 0x0000000800000000)
  region size 2048K, 3 young (6144K), 3 survivors (6144K)
 Metaspace       used 6659K, committed 6848K, reserved 1114112K
  class space    used 887K, committed 960K, reserved 1048576K
}
Event: 0.581 GC heap before
{Heap before GC invocations=6 (full 0):
 garbage-first heap   total 524288K, used 311682K [0x0000000701600000, 0x0000000800000000)
  region size 2048K, 153 young (313344K), 3 survivors (6144K)
 Metaspace       used 9342K, committed 9536K, reserved 1114112K
  class space    used 1282K, committed 1344K, reserved 1048576K
}
Event: 0.583 GC heap after
{Heap after GC invocations=7 (full 0):
 garbage-first heap   total 524288K, used 5058K [0x0000000701600000, 0x0000000800000000)
  region size 2048K, 3 young (6144K), 3 survivors (6144K)
 Metaspace       used 9342K, committed 9536K, reserved 1114112K
  class space    used 1282K, committed 1344K, reserved 1048576K
}
Event: 0.612 GC heap before
{Heap before GC invocations=7 (full 0):
 garbage-first heap   total 524288K, used 312258K [0x0000000701600000, 0x0000000800000000)
  region size 2048K, 153 young (313344K), 3 survivors (6144K)
 Metaspace       used 10064K, committed 10304K, reserved 1114112K
  class space    used 1375K, committed 1472K, reserved 1048576K
}
Event: 0.614 GC heap after
{Heap after GC invocations=8 (full 0):
 garbage-first heap   total 524288K, used 5263K [0x0000000701600000, 0x0000000800000000)
  region size 2048K, 3 young (6144K), 3 survivors (6144K)
 Metaspace       used 10064K, committed 10304K, reserved 1114112K
  class space    used 1375K, committed 1472K, reserved 1048576K
}
Event: 0.642 GC heap before
{Heap before GC invocations=8 (full 0):
 garbage-first heap   total 524288K, used 312463K [0x0000000701600000, 0x0000000800000000)
  region size 2048K, 153 young (313344K), 3 survivors (6144K)
 Metaspace       used 10880K, committed 11072K, reserved 1114112K
  class space    used 1522K, committed 1600K, reserved 1048576K
}
Event: 0.645 GC heap after
{Heap after GC invocations=9 (full 0):
 garbage-first heap   total 524288K, used 5496K [0x0000000701600000, 0x0000000800000000)
  region size 2048K, 3 young (6144K), 3 survivors (6144K)
 Metaspace       used 10880K, committed 11072K, reserved 1114112K
  class space    used 1522K, committed 1600K, reserved 1048576K
}
Event: 0.675 GC heap before
{Heap before GC invocations=9 (full 0):
 garbage-first heap   total 524288K, used 312696K [0x0000000701600000, 0x0000000800000000)
  region size 2048K, 153 young (313344K), 3 survivors (6144K)
 Metaspace       used 11543K, committed 11840K, reserved 1114112K
  class space    used 1641K, committed 1792K, reserved 1048576K
}
Event: 0.680 GC heap after
{Heap after GC invocations=10 (full 0):
 garbage-first heap   total 960512K, used 5694K [0x0000000701600000, 0x0000000800000000)
  region size 2048K, 3 young (6144K), 3 survivors (6144K)
 Metaspace       used 11543K, committed 11840K, reserved 1114112K
  class space    used 1641K, committed 1792K, reserved 1048576K
}
Event: 0.845 GC heap before
{Heap before GC invocations=10 (full 0):
 garbage-first heap   total 960512K, used 577086K [0x0000000701600000, 0x0000000800000000)
  region size 2048K, 281 young (575488K), 3 survivors (6144K)
 Metaspace       used 13703K, committed 14016K, reserved 1114112K
  class space    used 1929K, committed 2048K, reserved 1048576K
}
Event: 0.847 GC heap after
{Heap after GC invocations=11 (full 0):
 garbage-first heap   total 960512K, used 8671K [0x0000000701600000, 0x0000000800000000)
  region size 2048K, 4 young (8192K), 4 survivors (8192K)
 Metaspace       used 13703K, committed 14016K, reserved 1114112K
  class space    used 1929K, committed 2048K, reserved 1048576K
}
Event: 0.898 GC heap before
{Heap before GC invocations=11 (full 0):
 garbage-first heap   total 960512K, used 575967K [0x0000000701600000, 0x0000000800000000)
  region size 2048K, 281 young (575488K), 4 survivors (8192K)
 Metaspace       used 13734K, committed 14016K, reserved 1114112K
  class space    used 1933K, committed 2048K, reserved 1048576K
}
Event: 0.901 GC heap after
{Heap after GC invocations=12 (full 0):
 garbage-first heap   total 960512K, used 8903K [0x0000000701600000, 0x0000000800000000)
  region size 2048K, 4 young (8192K), 4 survivors (8192K)
 Metaspace       used 13734K, committed 14016K, reserved 1114112K
  class space    used 1933K, committed 2048K, reserved 1048576K
}
Event: 0.949 GC heap before
{Heap before GC invocations=12 (full 0):
 garbage-first heap   total 960512K, used 576199K [0x0000000701600000, 0x0000000800000000)
  region size 2048K, 281 young (575488K), 4 survivors (8192K)
 Metaspace       used 13734K, committed 14016K, reserved 1114112K
  class space    used 1933K, committed 2048K, reserved 1048576K
}
Event: 0.952 GC heap after
{Heap after GC invocations=13 (full 0):
 garbage-first heap   total 960512K, used 9034K [0x0000000701600000, 0x0000000800000000)
  region size 2048K, 4 young (8192K), 4 survivors (8192K)
 Metaspace       used 13734K, committed 14016K, reserved 1114112K
  class space    used 1933K, committed 2048K, reserved 1048576K
}
Event: 1.003 GC heap before
{Heap before GC invocations=13 (full 0):
 garbage-first heap   total 960512K, used 576330K [0x0000000701600000, 0x0000000800000000)
  region size 2048K, 281 young (575488K), 4 survivors (8192K)
 Metaspace       used 13734K, committed 14016K, reserved 1114112K
  class space    used 1933K, committed 2048K, reserved 1048576K
}
Event: 1.006 GC heap after
{Heap after GC invocations=14 (full 0):
 garbage-first heap   total 960512K, used 8840K [0x0000000701600000, 0x0000000800000000)
  region size 2048K, 4 young (8192K), 4 survivors (8192K)
 Metaspace       used 13734K, committed 14016K, reserved 1114112K
  class space    used 1933K, committed 2048K, reserved 1048576K
}
Event: 1.063 GC heap before
{Heap before GC invocations=14 (full 0):
 garbage-first heap   total 960512K, used 576136K [0x0000000701600000, 0x0000000800000000)
  region size 2048K, 281 young (575488K), 4 survivors (8192K)
 Metaspace       used 13734K, committed 14016K, reserved 1114112K
  class space    used 1933K, committed 2048K, reserved 1048576K
}

