# JRE version: OpenJDK Runtime Environment Zulu19.32+15-CA (19.0.2+7) (build 19.0.2+7)
# Java VM: OpenJDK 64-Bit Server VM Zulu19.32+15-CA (19.0.2+7, mixed mode, sharing, tiered, compressed oops, compressed class ptrs, g1 gc, windows-amd64)
GC Precious Log:
 CardTable entry size: 512
 Card Set container configuration: InlinePtr #cards 4 size 8 Array Of Cards #cards 16 size 48 Howl #buckets 8 coarsen threshold 3686 Howl Bitmap #cards 512 size 80 coarsen threshold 460 Card regions per heap region 1 cards per card region 4096
 CPUs: 12 total, 12 available
 Memory: 16291M
 Large Page Support: Disabled
 NUMA Support: Disabled
 Compressed Oops: Enabled (Zero based)
 Heap Region Size: 2M
 Heap Min Capacity: 8M
 Heap Initial Capacity: 256M
 Heap Max Capacity: 4074M
 Pre-touch: Disabled
 Parallel Workers: 10
 Concurrent Workers: 3
 Concurrent Refinement Workers: 10
 Periodic GC: Disabled
Heap:
 garbage-first heap   total 262144K, used 4265K [0x0000000701600000, 0x0000000800000000)
  region size 2048K, 3 young (6144K), 3 survivors (6144K)
 Metaspace       used 6482K, committed 6720K, reserved 1114112K
  class space    used 865K, committed 960K, reserved 1048576K
GC Heap History (11 events):
Event: 0.343 GC heap before
{Heap before GC invocations=0 (full 0):
 garbage-first heap   total 262144K, used 22528K [0x0000000701600000, 0x0000000800000000)
  region size 2048K, 11 young (22528K), 0 survivors (0K)
 Metaspace       used 3923K, committed 4224K, reserved 1114112K
  class space    used 480K, committed 640K, reserved 1048576K
}
Event: 0.346 GC heap after
{Heap after GC invocations=1 (full 0):
 garbage-first heap   total 262144K, used 2697K [0x0000000701600000, 0x0000000800000000)
  region size 2048K, 2 young (4096K), 2 survivors (4096K)
 Metaspace       used 3923K, committed 4224K, reserved 1114112K
  class space    used 480K, committed 640K, reserved 1048576K
}
Event: 0.355 GC heap before
{Heap before GC invocations=1 (full 0):
 garbage-first heap   total 262144K, used 35465K [0x0000000701600000, 0x0000000800000000)
  region size 2048K, 18 young (36864K), 2 survivors (4096K)
 Metaspace       used 4260K, committed 4544K, reserved 1114112K
  class space    used 551K, committed 704K, reserved 1048576K
}
Event: 0.356 GC heap after
{Heap after GC invocations=2 (full 0):
 garbage-first heap   total 262144K, used 2608K [0x0000000701600000, 0x0000000800000000)
  region size 2048K, 2 young (4096K), 2 survivors (4096K)
 Metaspace       used 4260K, committed 4544K, reserved 1114112K
  class space    used 551K, committed 704K, reserved 1048576K
}
Event: 0.405 GC heap before
{Heap before GC invocations=2 (full 0):
 garbage-first heap   total 262144K, used 154160K [0x0000000701600000, 0x0000000800000000)
  region size 2048K, 76 young (155648K), 2 survivors (4096K)
 Metaspace       used 5679K, committed 5888K, reserved 1114112K
  class space    used 740K, committed 832K, reserved 1048576K
}
Event: 0.407 GC heap after
{Heap after GC invocations=3 (full 0):
 garbage-first heap   total 262144K, used 3324K [0x0000000701600000, 0x0000000800000000)
  region size 2048K, 2 young (4096K), 2 survivors (4096K)
 Metaspace       used 5679K, committed 5888K, reserved 1114112K
  class space    used 740K, committed 832K, reserved 1048576K
}
Event: 0.423 GC heap before
{Heap before GC invocations=3 (full 0):
 garbage-first heap   total 262144K, used 154876K [0x0000000701600000, 0x0000000800000000)
  region size 2048K, 76 young (155648K), 2 survivors (4096K)
 Metaspace       used 5982K, committed 6208K, reserved 1114112K
  class space    used 792K, committed 896K, reserved 1048576K
}
Event: 0.424 GC heap after
{Heap after GC invocations=4 (full 0):
 garbage-first heap   total 262144K, used 3457K [0x0000000701600000, 0x0000000800000000)
  region size 2048K, 2 young (4096K), 2 survivors (4096K)
 Metaspace       used 5982K, committed 6208K, reserved 1114112K
  class space    used 792K, committed 896K, reserved 1048576K
}
Event: 0.440 GC heap before
{Heap before GC invocations=4 (full 0):
 garbage-first heap   total 262144K, used 155009K [0x0000000701600000, 0x0000000800000000)
  region size 2048K, 76 young (155648K), 2 survivors (4096K)
 Metaspace       used 6142K, committed 6336K, reserved 1114112K
  class space    used 814K, committed 896K, reserved 1048576K
}
Event: 0.442 GC heap after
{Heap after GC invocations=5 (full 0):
 garbage-first heap   total 262144K, used 4096K [0x0000000701600000, 0x0000000800000000)
  region size 2048K, 2 young (4096K), 2 survivors (4096K)
 Metaspace       used 6142K, committed 6336K, reserved 1114112K
  class space    used 814K, committed 896K, reserved 1048576K
}
Event: 0.457 GC heap before
{Heap before GC invocations=5 (full 0):
 garbage-first heap   total 262144K, used 155648K [0x0000000701600000, 0x0000000800000000)
  region size 2048K, 76 young (155648K), 2 survivors (4096K)
 Metaspace       used 6482K, committed 6720K, reserved 1114112K
  class space    used 865K, committed 960K, reserved 1048576K
}

